This is pdfTeX, Version 3.14159265-2.6-1.40.17 (TeX Live 2016) (preloaded format=pdflatex 2016.5.22)  8 SEP 2017 10:32
entering extended mode
 restricted \write18 enabled.
 %&-line parsing enabled.
**stats_book_completeV3.tex
(./stats_book_completeV3.tex
LaTeX2e <2016/03/31>
Babel <3.9r> and hyphenation patterns for 83 language(s) loaded.
(/usr/local/texlive/2016/texmf-dist/tex/latex/base/book.cls
Document Class: book 2014/09/29 v1.4h Standard LaTeX document class
(/usr/local/texlive/2016/texmf-dist/tex/latex/base/bk11.clo
File: bk11.clo 2014/09/29 v1.4h Standard LaTeX file (size option)
)
\c@part=\count79
\c@chapter=\count80
\c@section=\count81
\c@subsection=\count82
\c@subsubsection=\count83
\c@paragraph=\count84
\c@subparagraph=\count85
\c@figure=\count86
\c@table=\count87
\abovecaptionskip=\skip41
\belowcaptionskip=\skip42
\bibindent=\dimen102
)
(/usr/local/texlive/2016/texmf-dist/tex/latex/graphics/graphicx.sty
Package: graphicx 2014/10/28 v1.0g Enhanced LaTeX Graphics (DPC,SPQR)

(/usr/local/texlive/2016/texmf-dist/tex/latex/graphics/keyval.sty
Package: keyval 2014/10/28 v1.15 key=value parser (DPC)
\KV@toks@=\toks14
)
(/usr/local/texlive/2016/texmf-dist/tex/latex/graphics/graphics.sty
Package: graphics 2016/05/09 v1.0r Standard LaTeX Graphics (DPC,SPQR)

(/usr/local/texlive/2016/texmf-dist/tex/latex/graphics/trig.sty
Package: trig 2016/01/03 v1.10 sin cos tan (DPC)
)
(/usr/local/texlive/2016/texmf-dist/tex/latex/graphics-cfg/graphics.cfg
File: graphics.cfg 2016/01/02 v1.10 sample graphics configuration
)
Package graphics Info: Driver file: pdftex.def on input line 96.

(/usr/local/texlive/2016/texmf-dist/tex/latex/pdftex-def/pdftex.def
File: pdftex.def 2011/05/27 v0.06d Graphics/color for pdfTeX

(/usr/local/texlive/2016/texmf-dist/tex/generic/oberdiek/infwarerr.sty
Package: infwarerr 2016/05/16 v1.4 Providing info/warning/error messages (HO)
)
(/usr/local/texlive/2016/texmf-dist/tex/generic/oberdiek/ltxcmds.sty
Package: ltxcmds 2016/05/16 v1.23 LaTeX kernel commands for general use (HO)
)
\Gread@gobject=\count88
))
\Gin@req@height=\dimen103
\Gin@req@width=\dimen104
)
(/usr/local/texlive/2016/texmf-dist/tex/latex/graphics/color.sty
Package: color 2016/05/09 v1.1c Standard LaTeX Color (DPC)

(/usr/local/texlive/2016/texmf-dist/tex/latex/graphics-cfg/color.cfg
File: color.cfg 2016/01/02 v1.6 sample color configuration
)
Package color Info: Driver file: pdftex.def on input line 144.
)
(/usr/local/texlive/2016/texmf-dist/tex/latex/framed/framed.sty
Package: framed 2011/10/22 v 0.96: framed or shaded text with page breaks
\OuterFrameSep=\skip43
\fb@frw=\dimen105
\fb@frh=\dimen106
\FrameRule=\dimen107
\FrameSep=\dimen108
)
(/usr/local/texlive/2016/texmf-dist/tex/latex/base/alltt.sty
Package: alltt 1997/06/16 v2.0g defines alltt environment
)
(/usr/local/texlive/2016/texmf-dist/tex/latex/base/inputenc.sty
Package: inputenc 2015/03/17 v1.2c Input encoding file
\inpenc@prehook=\toks15
\inpenc@posthook=\toks16

(/usr/local/texlive/2016/texmf-dist/tex/latex/base/utf8.def
File: utf8.def 2016/02/28 v1.1s UTF-8 support for inputenc
Now handling font encoding OML ...
... no UTF-8 mapping file for font encoding OML
Now handling font encoding T1 ...
... processing UTF-8 mapping file for font encoding T1

(/usr/local/texlive/2016/texmf-dist/tex/latex/base/t1enc.dfu
File: t1enc.dfu 2016/02/28 v1.1s UTF-8 support for inputenc
   defining Unicode char U+00A0 (decimal 160)
   defining Unicode char U+00A1 (decimal 161)
   defining Unicode char U+00A3 (decimal 163)
   defining Unicode char U+00AB (decimal 171)
   defining Unicode char U+00AD (decimal 173)
   defining Unicode char U+00BB (decimal 187)
   defining Unicode char U+00BF (decimal 191)
   defining Unicode char U+00C0 (decimal 192)
   defining Unicode char U+00C1 (decimal 193)
   defining Unicode char U+00C2 (decimal 194)
   defining Unicode char U+00C3 (decimal 195)
   defining Unicode char U+00C4 (decimal 196)
   defining Unicode char U+00C5 (decimal 197)
   defining Unicode char U+00C6 (decimal 198)
   defining Unicode char U+00C7 (decimal 199)
   defining Unicode char U+00C8 (decimal 200)
   defining Unicode char U+00C9 (decimal 201)
   defining Unicode char U+00CA (decimal 202)
   defining Unicode char U+00CB (decimal 203)
   defining Unicode char U+00CC (decimal 204)
   defining Unicode char U+00CD (decimal 205)
   defining Unicode char U+00CE (decimal 206)
   defining Unicode char U+00CF (decimal 207)
   defining Unicode char U+00D0 (decimal 208)
   defining Unicode char U+00D1 (decimal 209)
   defining Unicode char U+00D2 (decimal 210)
   defining Unicode char U+00D3 (decimal 211)
   defining Unicode char U+00D4 (decimal 212)
   defining Unicode char U+00D5 (decimal 213)
   defining Unicode char U+00D6 (decimal 214)
   defining Unicode char U+00D8 (decimal 216)
   defining Unicode char U+00D9 (decimal 217)
   defining Unicode char U+00DA (decimal 218)
   defining Unicode char U+00DB (decimal 219)
   defining Unicode char U+00DC (decimal 220)
   defining Unicode char U+00DD (decimal 221)
   defining Unicode char U+00DE (decimal 222)
   defining Unicode char U+00DF (decimal 223)
   defining Unicode char U+00E0 (decimal 224)
   defining Unicode char U+00E1 (decimal 225)
   defining Unicode char U+00E2 (decimal 226)
   defining Unicode char U+00E3 (decimal 227)
   defining Unicode char U+00E4 (decimal 228)
   defining Unicode char U+00E5 (decimal 229)
   defining Unicode char U+00E6 (decimal 230)
   defining Unicode char U+00E7 (decimal 231)
   defining Unicode char U+00E8 (decimal 232)
   defining Unicode char U+00E9 (decimal 233)
   defining Unicode char U+00EA (decimal 234)
   defining Unicode char U+00EB (decimal 235)
   defining Unicode char U+00EC (decimal 236)
   defining Unicode char U+00ED (decimal 237)
   defining Unicode char U+00EE (decimal 238)
   defining Unicode char U+00EF (decimal 239)
   defining Unicode char U+00F0 (decimal 240)
   defining Unicode char U+00F1 (decimal 241)
   defining Unicode char U+00F2 (decimal 242)
   defining Unicode char U+00F3 (decimal 243)
   defining Unicode char U+00F4 (decimal 244)
   defining Unicode char U+00F5 (decimal 245)
   defining Unicode char U+00F6 (decimal 246)
   defining Unicode char U+00F8 (decimal 248)
   defining Unicode char U+00F9 (decimal 249)
   defining Unicode char U+00FA (decimal 250)
   defining Unicode char U+00FB (decimal 251)
   defining Unicode char U+00FC (decimal 252)
   defining Unicode char U+00FD (decimal 253)
   defining Unicode char U+00FE (decimal 254)
   defining Unicode char U+00FF (decimal 255)
   defining Unicode char U+0100 (decimal 256)
   defining Unicode char U+0101 (decimal 257)
   defining Unicode char U+0102 (decimal 258)
   defining Unicode char U+0103 (decimal 259)
   defining Unicode char U+0104 (decimal 260)
   defining Unicode char U+0105 (decimal 261)
   defining Unicode char U+0106 (decimal 262)
   defining Unicode char U+0107 (decimal 263)
   defining Unicode char U+0108 (decimal 264)
   defining Unicode char U+0109 (decimal 265)
   defining Unicode char U+010A (decimal 266)
   defining Unicode char U+010B (decimal 267)
   defining Unicode char U+010C (decimal 268)
   defining Unicode char U+010D (decimal 269)
   defining Unicode char U+010E (decimal 270)
   defining Unicode char U+010F (decimal 271)
   defining Unicode char U+0110 (decimal 272)
   defining Unicode char U+0111 (decimal 273)
   defining Unicode char U+0112 (decimal 274)
   defining Unicode char U+0113 (decimal 275)
   defining Unicode char U+0114 (decimal 276)
   defining Unicode char U+0115 (decimal 277)
   defining Unicode char U+0116 (decimal 278)
   defining Unicode char U+0117 (decimal 279)
   defining Unicode char U+0118 (decimal 280)
   defining Unicode char U+0119 (decimal 281)
   defining Unicode char U+011A (decimal 282)
   defining Unicode char U+011B (decimal 283)
   defining Unicode char U+011C (decimal 284)
   defining Unicode char U+011D (decimal 285)
   defining Unicode char U+011E (decimal 286)
   defining Unicode char U+011F (decimal 287)
   defining Unicode char U+0120 (decimal 288)
   defining Unicode char U+0121 (decimal 289)
   defining Unicode char U+0122 (decimal 290)
   defining Unicode char U+0123 (decimal 291)
   defining Unicode char U+0124 (decimal 292)
   defining Unicode char U+0125 (decimal 293)
   defining Unicode char U+0128 (decimal 296)
   defining Unicode char U+0129 (decimal 297)
   defining Unicode char U+012A (decimal 298)
   defining Unicode char U+012B (decimal 299)
   defining Unicode char U+012C (decimal 300)
   defining Unicode char U+012D (decimal 301)
   defining Unicode char U+012E (decimal 302)
   defining Unicode char U+012F (decimal 303)
   defining Unicode char U+0130 (decimal 304)
   defining Unicode char U+0131 (decimal 305)
   defining Unicode char U+0132 (decimal 306)
   defining Unicode char U+0133 (decimal 307)
   defining Unicode char U+0134 (decimal 308)
   defining Unicode char U+0135 (decimal 309)
   defining Unicode char U+0136 (decimal 310)
   defining Unicode char U+0137 (decimal 311)
   defining Unicode char U+0139 (decimal 313)
   defining Unicode char U+013A (decimal 314)
   defining Unicode char U+013B (decimal 315)
   defining Unicode char U+013C (decimal 316)
   defining Unicode char U+013D (decimal 317)
   defining Unicode char U+013E (decimal 318)
   defining Unicode char U+0141 (decimal 321)
   defining Unicode char U+0142 (decimal 322)
   defining Unicode char U+0143 (decimal 323)
   defining Unicode char U+0144 (decimal 324)
   defining Unicode char U+0145 (decimal 325)
   defining Unicode char U+0146 (decimal 326)
   defining Unicode char U+0147 (decimal 327)
   defining Unicode char U+0148 (decimal 328)
   defining Unicode char U+014A (decimal 330)
   defining Unicode char U+014B (decimal 331)
   defining Unicode char U+014C (decimal 332)
   defining Unicode char U+014D (decimal 333)
   defining Unicode char U+014E (decimal 334)
   defining Unicode char U+014F (decimal 335)
   defining Unicode char U+0150 (decimal 336)
   defining Unicode char U+0151 (decimal 337)
   defining Unicode char U+0152 (decimal 338)
   defining Unicode char U+0153 (decimal 339)
   defining Unicode char U+0154 (decimal 340)
   defining Unicode char U+0155 (decimal 341)
   defining Unicode char U+0156 (decimal 342)
   defining Unicode char U+0157 (decimal 343)
   defining Unicode char U+0158 (decimal 344)
   defining Unicode char U+0159 (decimal 345)
   defining Unicode char U+015A (decimal 346)
   defining Unicode char U+015B (decimal 347)
   defining Unicode char U+015C (decimal 348)
   defining Unicode char U+015D (decimal 349)
   defining Unicode char U+015E (decimal 350)
   defining Unicode char U+015F (decimal 351)
   defining Unicode char U+0160 (decimal 352)
   defining Unicode char U+0161 (decimal 353)
   defining Unicode char U+0162 (decimal 354)
   defining Unicode char U+0163 (decimal 355)
   defining Unicode char U+0164 (decimal 356)
   defining Unicode char U+0165 (decimal 357)
   defining Unicode char U+0168 (decimal 360)
   defining Unicode char U+0169 (decimal 361)
   defining Unicode char U+016A (decimal 362)
   defining Unicode char U+016B (decimal 363)
   defining Unicode char U+016C (decimal 364)
   defining Unicode char U+016D (decimal 365)
   defining Unicode char U+016E (decimal 366)
   defining Unicode char U+016F (decimal 367)
   defining Unicode char U+0170 (decimal 368)
   defining Unicode char U+0171 (decimal 369)
   defining Unicode char U+0172 (decimal 370)
   defining Unicode char U+0173 (decimal 371)
   defining Unicode char U+0174 (decimal 372)
   defining Unicode char U+0175 (decimal 373)
   defining Unicode char U+0176 (decimal 374)
   defining Unicode char U+0177 (decimal 375)
   defining Unicode char U+0178 (decimal 376)
   defining Unicode char U+0179 (decimal 377)
   defining Unicode char U+017A (decimal 378)
   defining Unicode char U+017B (decimal 379)
   defining Unicode char U+017C (decimal 380)
   defining Unicode char U+017D (decimal 381)
   defining Unicode char U+017E (decimal 382)
   defining Unicode char U+01CD (decimal 461)
   defining Unicode char U+01CE (decimal 462)
   defining Unicode char U+01CF (decimal 463)
   defining Unicode char U+01D0 (decimal 464)
   defining Unicode char U+01D1 (decimal 465)
   defining Unicode char U+01D2 (decimal 466)
   defining Unicode char U+01D3 (decimal 467)
   defining Unicode char U+01D4 (decimal 468)
   defining Unicode char U+01E2 (decimal 482)
   defining Unicode char U+01E3 (decimal 483)
   defining Unicode char U+01E6 (decimal 486)
   defining Unicode char U+01E7 (decimal 487)
   defining Unicode char U+01E8 (decimal 488)
   defining Unicode char U+01E9 (decimal 489)
   defining Unicode char U+01EA (decimal 490)
   defining Unicode char U+01EB (decimal 491)
   defining Unicode char U+01F0 (decimal 496)
   defining Unicode char U+01F4 (decimal 500)
   defining Unicode char U+01F5 (decimal 501)
   defining Unicode char U+0218 (decimal 536)
   defining Unicode char U+0219 (decimal 537)
   defining Unicode char U+021A (decimal 538)
   defining Unicode char U+021B (decimal 539)
   defining Unicode char U+1E02 (decimal 7682)
   defining Unicode char U+1E03 (decimal 7683)
   defining Unicode char U+200C (decimal 8204)
   defining Unicode char U+2010 (decimal 8208)
   defining Unicode char U+2011 (decimal 8209)
   defining Unicode char U+2012 (decimal 8210)
   defining Unicode char U+2013 (decimal 8211)
   defining Unicode char U+2014 (decimal 8212)
   defining Unicode char U+2015 (decimal 8213)
   defining Unicode char U+2018 (decimal 8216)
   defining Unicode char U+2019 (decimal 8217)
   defining Unicode char U+201A (decimal 8218)
   defining Unicode char U+201C (decimal 8220)
   defining Unicode char U+201D (decimal 8221)
   defining Unicode char U+201E (decimal 8222)
   defining Unicode char U+2030 (decimal 8240)
   defining Unicode char U+2031 (decimal 8241)
   defining Unicode char U+2039 (decimal 8249)
   defining Unicode char U+203A (decimal 8250)
   defining Unicode char U+2423 (decimal 9251)
)
Now handling font encoding OT1 ...
... processing UTF-8 mapping file for font encoding OT1

(/usr/local/texlive/2016/texmf-dist/tex/latex/base/ot1enc.dfu
File: ot1enc.dfu 2016/02/28 v1.1s UTF-8 support for inputenc
   defining Unicode char U+00A0 (decimal 160)
   defining Unicode char U+00A1 (decimal 161)
   defining Unicode char U+00A3 (decimal 163)
   defining Unicode char U+00AD (decimal 173)
   defining Unicode char U+00B8 (decimal 184)
   defining Unicode char U+00BF (decimal 191)
   defining Unicode char U+00C5 (decimal 197)
   defining Unicode char U+00C6 (decimal 198)
   defining Unicode char U+00D8 (decimal 216)
   defining Unicode char U+00DF (decimal 223)
   defining Unicode char U+00E6 (decimal 230)
   defining Unicode char U+00EC (decimal 236)
   defining Unicode char U+00ED (decimal 237)
   defining Unicode char U+00EE (decimal 238)
   defining Unicode char U+00EF (decimal 239)
   defining Unicode char U+00F8 (decimal 248)
   defining Unicode char U+0131 (decimal 305)
   defining Unicode char U+0141 (decimal 321)
   defining Unicode char U+0142 (decimal 322)
   defining Unicode char U+0152 (decimal 338)
   defining Unicode char U+0153 (decimal 339)
   defining Unicode char U+0174 (decimal 372)
   defining Unicode char U+0175 (decimal 373)
   defining Unicode char U+0176 (decimal 374)
   defining Unicode char U+0177 (decimal 375)
   defining Unicode char U+0218 (decimal 536)
   defining Unicode char U+0219 (decimal 537)
   defining Unicode char U+021A (decimal 538)
   defining Unicode char U+021B (decimal 539)
   defining Unicode char U+2013 (decimal 8211)
   defining Unicode char U+2014 (decimal 8212)
   defining Unicode char U+2018 (decimal 8216)
   defining Unicode char U+2019 (decimal 8217)
   defining Unicode char U+201C (decimal 8220)
   defining Unicode char U+201D (decimal 8221)
)
Now handling font encoding OMS ...
... processing UTF-8 mapping file for font encoding OMS

(/usr/local/texlive/2016/texmf-dist/tex/latex/base/omsenc.dfu
File: omsenc.dfu 2016/02/28 v1.1s UTF-8 support for inputenc
   defining Unicode char U+00A7 (decimal 167)
   defining Unicode char U+00B6 (decimal 182)
   defining Unicode char U+00B7 (decimal 183)
   defining Unicode char U+2020 (decimal 8224)
   defining Unicode char U+2021 (decimal 8225)
   defining Unicode char U+2022 (decimal 8226)
)
Now handling font encoding OMX ...
... no UTF-8 mapping file for font encoding OMX
Now handling font encoding U ...
... no UTF-8 mapping file for font encoding U
   defining Unicode char U+00A9 (decimal 169)
   defining Unicode char U+00AA (decimal 170)
   defining Unicode char U+00AE (decimal 174)
   defining Unicode char U+00BA (decimal 186)
   defining Unicode char U+02C6 (decimal 710)
   defining Unicode char U+02DC (decimal 732)
   defining Unicode char U+200C (decimal 8204)
   defining Unicode char U+2026 (decimal 8230)
   defining Unicode char U+2122 (decimal 8482)
   defining Unicode char U+2423 (decimal 9251)
))
(/usr/local/texlive/2016/texmf-dist/tex/latex/amsfonts/amssymb.sty
Package: amssymb 2013/01/14 v3.01 AMS font symbols

(/usr/local/texlive/2016/texmf-dist/tex/latex/amsfonts/amsfonts.sty
Package: amsfonts 2013/01/14 v3.01 Basic AMSFonts support
\@emptytoks=\toks17
\symAMSa=\mathgroup4
\symAMSb=\mathgroup5
LaTeX Font Info:    Overwriting math alphabet `\mathfrak' in version `bold'
(Font)                  U/euf/m/n --> U/euf/b/n on input line 106.
))
(/usr/local/texlive/2016/texmf-dist/tex/latex/amsmath/amsmath.sty
Package: amsmath 2016/03/10 v2.15b AMS math features
\@mathmargin=\skip44

For additional information on amsmath, use the `?' option.
(/usr/local/texlive/2016/texmf-dist/tex/latex/amsmath/amstext.sty
Package: amstext 2000/06/29 v2.01 AMS text

(/usr/local/texlive/2016/texmf-dist/tex/latex/amsmath/amsgen.sty
File: amsgen.sty 1999/11/30 v2.0 generic functions
\@emptytoks=\toks18
\ex@=\dimen109
))
(/usr/local/texlive/2016/texmf-dist/tex/latex/amsmath/amsbsy.sty
Package: amsbsy 1999/11/29 v1.2d Bold Symbols
\pmbraise@=\dimen110
)
(/usr/local/texlive/2016/texmf-dist/tex/latex/amsmath/amsopn.sty
Package: amsopn 2016/03/08 v2.02 operator names
)
\inf@bad=\count89
LaTeX Info: Redefining \frac on input line 199.
\uproot@=\count90
\leftroot@=\count91
LaTeX Info: Redefining \overline on input line 297.
\classnum@=\count92
\DOTSCASE@=\count93
LaTeX Info: Redefining \ldots on input line 394.
LaTeX Info: Redefining \dots on input line 397.
LaTeX Info: Redefining \cdots on input line 518.
\Mathstrutbox@=\box26
\strutbox@=\box27
\big@size=\dimen111
LaTeX Font Info:    Redeclaring font encoding OML on input line 634.
LaTeX Font Info:    Redeclaring font encoding OMS on input line 635.
\macc@depth=\count94
\c@MaxMatrixCols=\count95
\dotsspace@=\muskip10
\c@parentequation=\count96
\dspbrk@lvl=\count97
\tag@help=\toks19
\row@=\count98
\column@=\count99
\maxfields@=\count100
\andhelp@=\toks20
\eqnshift@=\dimen112
\alignsep@=\dimen113
\tagshift@=\dimen114
\tagwidth@=\dimen115
\totwidth@=\dimen116
\lineht@=\dimen117
\@envbody=\toks21
\multlinegap=\skip45
\multlinetaggap=\skip46
\mathdisplay@stack=\toks22
LaTeX Info: Redefining \[ on input line 2739.
LaTeX Info: Redefining \] on input line 2740.
)
(/usr/local/texlive/2016/texmf-dist/tex/latex/amscls/amsthm.sty
Package: amsthm 2015/03/04 v2.20.2
\thm@style=\toks23
\thm@bodyfont=\toks24
\thm@headfont=\toks25
\thm@notefont=\toks26
\thm@headpunct=\toks27
\thm@preskip=\skip47
\thm@postskip=\skip48
\thm@headsep=\skip49
\dth@everypar=\toks28
)
(/usr/local/texlive/2016/texmf-dist/tex/latex/preprint/fullpage.sty
Package: fullpage 1999/02/23 1.1 (PWD)
\FP@margin=\skip50
)
(/usr/local/texlive/2016/texmf-dist/tex/latex/setspace/setspace.sty
Package: setspace 2011/12/19 v6.7a set line spacing
)
(/usr/local/texlive/2016/texmf-dist/tex/latex/natbib/natbib.sty
Package: natbib 2010/09/13 8.31b (PWD, AO)
\bibhang=\skip51
\bibsep=\skip52
LaTeX Info: Redefining \cite on input line 694.
\c@NAT@ctr=\count101
)
(/usr/local/texlive/2016/texmf-dist/tex/latex/rotating/rotating.sty
Package: rotating 2009/03/28 v2.16a rotated objects in LaTeX

(/usr/local/texlive/2016/texmf-dist/tex/latex/base/ifthen.sty
Package: ifthen 2014/09/29 v1.1c Standard LaTeX ifthen package (DPC)
)
\c@r@tfl@t=\count102
\rotFPtop=\skip53
\rotFPbot=\skip54
\rot@float@box=\box28
\rot@mess@toks=\toks29
)
(/usr/local/texlive/2016/texmf-dist/tex/latex/caption/caption.sty
Package: caption 2016/02/21 v3.3-144 Customizing captions (AR)

(/usr/local/texlive/2016/texmf-dist/tex/latex/caption/caption3.sty
Package: caption3 2016/02/04 v1.7-139 caption3 kernel (AR)
Package caption3 Info: TeX engine: e-TeX on input line 67.
\captionmargin=\dimen118
\captionmargin@=\dimen119
\captionwidth=\dimen120
\caption@tempdima=\dimen121
\caption@indent=\dimen122
\caption@parindent=\dimen123
\caption@hangindent=\dimen124
)
\c@ContinuedFloat=\count103
Package caption Info: rotating package is loaded.
)
(/usr/local/texlive/2016/texmf-dist/tex/latex/caption/subcaption.sty
Package: subcaption 2016/02/20 v1.1-142 Sub-captions (AR)
\c@subfigure=\count104
\c@subtable=\count105
)
(/usr/local/texlive/2016/texmf-dist/tex/latex/multirow/multirow.sty
\bigstrutjot=\dimen125
)
(/usr/local/texlive/2016/texmf-dist/tex/latex/booktabs/booktabs.sty
Package: booktabs 2016/04/27 v1.618033 publication quality tables
\heavyrulewidth=\dimen126
\lightrulewidth=\dimen127
\cmidrulewidth=\dimen128
\belowrulesep=\dimen129
\belowbottomsep=\dimen130
\aboverulesep=\dimen131
\abovetopsep=\dimen132
\cmidrulesep=\dimen133
\cmidrulekern=\dimen134
\defaultaddspace=\dimen135
\@cmidla=\count106
\@cmidlb=\count107
\@aboverulesep=\dimen136
\@belowrulesep=\dimen137
\@thisruleclass=\count108
\@lastruleclass=\count109
\@thisrulewidth=\dimen138
)
(/usr/local/texlive/2016/texmf-dist/tex/latex/tools/dcolumn.sty
Package: dcolumn 2014/10/28 v1.06 decimal alignment package (DPC)

(/usr/local/texlive/2016/texmf-dist/tex/latex/tools/array.sty
Package: array 2014/10/28 v2.4c Tabular extension package (FMi)
\col@sep=\dimen139
\extrarowheight=\dimen140
\NC@list=\toks30
\extratabsurround=\skip55
\backup@length=\skip56
))
(/usr/local/texlive/2016/texmf-dist/tex/latex/quotchap/quotchap.sty
Package: quotchap 2012/10/20 v1.1 Decorative Chapter Headings with Quotes
\@quotebox=\box29
)
(/usr/local/texlive/2016/texmf-dist/tex/latex/xcolor/xcolor.sty
Package: xcolor 2016/05/11 v2.12 LaTeX color extensions (UK)

(/usr/local/texlive/2016/texmf-dist/tex/latex/graphics-cfg/color.cfg
File: color.cfg 2016/01/02 v1.6 sample color configuration
)
Package xcolor Info: Driver file: pdftex.def on input line 225.
LaTeX Info: Redefining \color on input line 709.
Package xcolor Info: Model `cmy' substituted by `cmy0' on input line 1348.
Package xcolor Info: Model `hsb' substituted by `rgb' on input line 1352.
Package xcolor Info: Model `RGB' extended on input line 1364.
Package xcolor Info: Model `HTML' substituted by `rgb' on input line 1366.
Package xcolor Info: Model `Hsb' substituted by `hsb' on input line 1367.
Package xcolor Info: Model `tHsb' substituted by `hsb' on input line 1368.
Package xcolor Info: Model `HSB' substituted by `hsb' on input line 1369.
Package xcolor Info: Model `Gray' substituted by `gray' on input line 1370.
Package xcolor Info: Model `wave' substituted by `hsb' on input line 1371.
)
(/usr/local/texlive/2016/texmf-dist/tex/latex/geometry/geometry.sty
Package: geometry 2010/09/12 v5.6 Page Geometry

(/usr/local/texlive/2016/texmf-dist/tex/generic/oberdiek/ifpdf.sty
Package: ifpdf 2016/05/14 v3.1 Provides the ifpdf switch
)
(/usr/local/texlive/2016/texmf-dist/tex/generic/oberdiek/ifvtex.sty
Package: ifvtex 2016/05/16 v1.6 Detect VTeX and its facilities (HO)
Package ifvtex Info: VTeX not detected.
)
(/usr/local/texlive/2016/texmf-dist/tex/generic/ifxetex/ifxetex.sty
Package: ifxetex 2010/09/12 v0.6 Provides ifxetex conditional
)
\Gm@cnth=\count110
\Gm@cntv=\count111
\c@Gm@tempcnt=\count112
\Gm@bindingoffset=\dimen141
\Gm@wd@mp=\dimen142
\Gm@odd@mp=\dimen143
\Gm@even@mp=\dimen144
\Gm@layoutwidth=\dimen145
\Gm@layoutheight=\dimen146
\Gm@layouthoffset=\dimen147
\Gm@layoutvoffset=\dimen148
\Gm@dimlist=\toks31
)
(/usr/local/texlive/2016/texmf-dist/tex/latex/fancyhdr/fancyhdr.sty
\fancy@headwidth=\skip57
\f@ncyO@elh=\skip58
\f@ncyO@erh=\skip59
\f@ncyO@olh=\skip60
\f@ncyO@orh=\skip61
\f@ncyO@elf=\skip62
\f@ncyO@erf=\skip63
\f@ncyO@olf=\skip64
\f@ncyO@orf=\skip65
)
(/usr/local/texlive/2016/texmf-dist/tex/latex/blindtext/blindtext.sty
Package: blindtext 2012/01/06 V2.0 blindtext-Package

(/usr/local/texlive/2016/texmf-dist/tex/latex/tools/xspace.sty
Package: xspace 2014/10/28 v1.13 Space after command names (DPC,MH)
)
\c@blindtext=\count113
\c@Blindtext=\count114
\c@blind@countparstart=\count115
\blind@countxx=\count116
\blindtext@numBlindtext=\count117
\blind@countyy=\count118
\c@blindlist=\count119
\c@blindlistlevel=\count120
\c@blindlist@level=\count121
\blind@listitem=\count122
\c@blind@listcount=\count123
\c@blind@levelcount=\count124
\blind@mathformula=\count125
\blind@Mathformula=\count126
\c@blind@randomcount=\count127
\c@blind@randommax=\count128
\c@blind@pangramcount=\count129
\c@blind@pangrammax=\count130
)
(/usr/local/texlive/2016/texmf-dist/tex/latex/diagbox/diagbox.sty
Package: diagbox 2016/02/24 v2.1 Making table heads with diagonal lines

(/usr/local/texlive/2016/texmf-dist/tex/latex/pict2e/pict2e.sty
Package: pict2e 2016/02/05 v0.3b Improved picture commands (HjG,RN,JT)

(/usr/local/texlive/2016/texmf-dist/tex/latex/pict2e/pict2e.cfg
File: pict2e.cfg 2016/02/05 v0.1u pict2e configuration for teTeX/TeXLive
)
Package pict2e Info: Driver file: pdftex.def on input line 119.
Package pict2e Info: Driver file for pict2e: p2e-pdftex.def on input line 121.

(/usr/local/texlive/2016/texmf-dist/tex/latex/pict2e/p2e-pdftex.def
File: p2e-pdftex.def 2016/02/05 v0.1u Driver-dependant file (RN,HjG,JT)
)
\pIIe@GRAPH=\toks32
\@arclen=\dimen149
\@arcrad=\dimen150
\@tempdimd=\dimen151
)
(/usr/local/texlive/2016/texmf-dist/tex/latex/fp/fp.sty
Package: fp 1995/04/02

`Fixed Point Package', Version 0.8, April 2, 1995 (C) Michael Mehlich
(/usr/local/texlive/2016/texmf-dist/tex/latex/fp/defpattern.sty
Package: defpattern 1994/10/12
\actioncount=\count131
)
(/usr/local/texlive/2016/texmf-dist/tex/latex/fp/fp-basic.sty
Package: fp-basic 1996/05/13
\FP@xs=\count132
\FP@xia=\count133
\FP@xib=\count134
\FP@xfa=\count135
\FP@xfb=\count136
\FP@rega=\count137
\FP@regb=\count138
\FP@regs=\count139
\FP@times=\count140
)
(/usr/local/texlive/2016/texmf-dist/tex/latex/fp/fp-addons.sty
Package: fp-addons 1995/03/15
)
(/usr/local/texlive/2016/texmf-dist/tex/latex/fp/fp-snap.sty
Package: fp-snap 1995/04/05
)
(/usr/local/texlive/2016/texmf-dist/tex/latex/fp/fp-exp.sty
Package: fp-exp 1995/04/03
)
(/usr/local/texlive/2016/texmf-dist/tex/latex/fp/fp-trigo.sty
Package: fp-trigo 1995/04/14
)
(/usr/local/texlive/2016/texmf-dist/tex/latex/fp/fp-pas.sty
Package: fp-pas 1994/08/29
)
(/usr/local/texlive/2016/texmf-dist/tex/latex/fp/fp-random.sty
Package: fp-random 1995/02/23
\FPseed=\count141
)
(/usr/local/texlive/2016/texmf-dist/tex/latex/fp/fp-eqn.sty
Package: fp-eqn 1995/04/03
)
(/usr/local/texlive/2016/texmf-dist/tex/latex/fp/fp-upn.sty
Package: fp-upn 1996/10/21
)
(/usr/local/texlive/2016/texmf-dist/tex/latex/fp/fp-eval.sty
Package: fp-eval 1995/04/03
))
\diagbox@boxa=\box30
\diagbox@boxb=\box31
\diagbox@boxm=\box32
\diagbox@wd=\dimen152
\diagbox@ht=\dimen153
\diagbox@insepl=\dimen154
\diagbox@insepr=\dimen155
\diagbox@outsepl=\dimen156
\diagbox@outsepr=\dimen157
)
(/usr/local/texlive/2016/texmf-dist/tex/latex/hyperref/hyperref.sty
Package: hyperref 2016/05/05 v6.83n Hypertext links for LaTeX

(/usr/local/texlive/2016/texmf-dist/tex/generic/oberdiek/hobsub-hyperref.sty
Package: hobsub-hyperref 2016/05/16 v1.14 Bundle oberdiek, subset hyperref (HO)


(/usr/local/texlive/2016/texmf-dist/tex/generic/oberdiek/hobsub-generic.sty
Package: hobsub-generic 2016/05/16 v1.14 Bundle oberdiek, subset generic (HO)
Package: hobsub 2016/05/16 v1.14 Construct package bundles (HO)
Package hobsub Info: Skipping package `infwarerr' (already loaded).
Package hobsub Info: Skipping package `ltxcmds' (already loaded).
Package: ifluatex 2016/05/16 v1.4 Provides the ifluatex switch (HO)
Package ifluatex Info: LuaTeX not detected.
Package hobsub Info: Skipping package `ifvtex' (already loaded).
Package: intcalc 2016/05/16 v1.2 Expandable calculations with integers (HO)
Package hobsub Info: Skipping package `ifpdf' (already loaded).
Package: etexcmds 2016/05/16 v1.6 Avoid name clashes with e-TeX commands (HO)
Package etexcmds Info: Could not find \expanded.
(etexcmds)             That can mean that you are not using pdfTeX 1.50 or
(etexcmds)             that some package has redefined \expanded.
(etexcmds)             In the latter case, load this package earlier.
Package: kvsetkeys 2016/05/16 v1.17 Key value parser (HO)
Package: kvdefinekeys 2016/05/16 v1.4 Define keys (HO)
Package: pdftexcmds 2016/05/10 v0.21 Utility functions of pdfTeX for LuaTeX (HO
)
Package pdftexcmds Info: LuaTeX not detected.
Package pdftexcmds Info: \pdf@primitive is available.
Package pdftexcmds Info: \pdf@ifprimitive is available.
Package pdftexcmds Info: \pdfdraftmode found.
Package: pdfescape 2016/05/16 v1.14 Implements pdfTeX's escape features (HO)
Package: bigintcalc 2016/05/16 v1.4 Expandable calculations on big integers (HO
)
Package: bitset 2016/05/16 v1.2 Handle bit-vector datatype (HO)
Package: uniquecounter 2016/05/16 v1.3 Provide unlimited unique counter (HO)
)
Package hobsub Info: Skipping package `hobsub' (already loaded).
Package: letltxmacro 2016/05/16 v1.5 Let assignment for LaTeX macros (HO)
Package: hopatch 2016/05/16 v1.3 Wrapper for package hooks (HO)
Package: xcolor-patch 2016/05/16 xcolor patch
Package: atveryend 2016/05/16 v1.9 Hooks at the very end of document (HO)
Package atveryend Info: \enddocument detected (standard20110627).
Package: atbegshi 2016/05/16 v1.17 At begin shipout hook (HO)
Package: refcount 2016/05/16 v3.5 Data extraction from label references (HO)
Package: hycolor 2016/05/16 v1.8 Color options for hyperref/bookmark (HO)
)
(/usr/local/texlive/2016/texmf-dist/tex/latex/oberdiek/auxhook.sty
Package: auxhook 2016/05/16 v1.4 Hooks for auxiliary files (HO)
)
(/usr/local/texlive/2016/texmf-dist/tex/latex/oberdiek/kvoptions.sty
Package: kvoptions 2016/05/16 v3.12 Key value format for package options (HO)
)
\@linkdim=\dimen158
\Hy@linkcounter=\count142
\Hy@pagecounter=\count143

(/usr/local/texlive/2016/texmf-dist/tex/latex/hyperref/pd1enc.def
File: pd1enc.def 2016/05/05 v6.83n Hyperref: PDFDocEncoding definition (HO)
Now handling font encoding PD1 ...
... no UTF-8 mapping file for font encoding PD1
)
\Hy@SavedSpaceFactor=\count144

(/usr/local/texlive/2016/texmf-dist/tex/latex/latexconfig/hyperref.cfg
File: hyperref.cfg 2002/06/06 v1.2 hyperref configuration of TeXLive
)
Package hyperref Info: Hyper figures OFF on input line 4446.
Package hyperref Info: Link nesting OFF on input line 4451.
Package hyperref Info: Hyper index ON on input line 4454.
Package hyperref Info: Plain pages OFF on input line 4461.
Package hyperref Info: Backreferencing OFF on input line 4466.
Package hyperref Info: Implicit mode ON; LaTeX internals redefined.
Package hyperref Info: Bookmarks ON on input line 4691.
\c@Hy@tempcnt=\count145

(/usr/local/texlive/2016/texmf-dist/tex/latex/url/url.sty
\Urlmuskip=\muskip11
Package: url 2013/09/16  ver 3.4  Verb mode for urls, etc.
)
LaTeX Info: Redefining \url on input line 5044.
\XeTeXLinkMargin=\dimen159
\Fld@menulength=\count146
\Field@Width=\dimen160
\Fld@charsize=\dimen161
Package hyperref Info: Hyper figures OFF on input line 6298.
Package hyperref Info: Link nesting OFF on input line 6303.
Package hyperref Info: Hyper index ON on input line 6306.
Package hyperref Info: backreferencing OFF on input line 6313.
Package hyperref Info: Link coloring OFF on input line 6318.
Package hyperref Info: Link coloring with OCG OFF on input line 6323.
Package hyperref Info: PDF/A mode OFF on input line 6328.
LaTeX Info: Redefining \ref on input line 6368.
LaTeX Info: Redefining \pageref on input line 6372.
\Hy@abspage=\count147
\c@Item=\count148
\c@Hfootnote=\count149
)

Package hyperref Message: Driver (autodetected): hpdftex.

(/usr/local/texlive/2016/texmf-dist/tex/latex/hyperref/hpdftex.def
File: hpdftex.def 2016/05/05 v6.83n Hyperref driver for pdfTeX
\Fld@listcount=\count150
\c@bookmark@seq@number=\count151

(/usr/local/texlive/2016/texmf-dist/tex/latex/oberdiek/rerunfilecheck.sty
Package: rerunfilecheck 2016/05/16 v1.8 Rerun checks for auxiliary files (HO)
Package uniquecounter Info: New unique counter `rerunfilecheck' on input line 2
82.
)
\Hy@SectionHShift=\skip66
)
(/usr/local/texlive/2016/texmf-dist/tex/latex/placeins/placeins.sty
Package: placeins 2005/04/18  v 2.2
)
(/usr/local/texlive/2016/texmf-dist/tex/latex/float/float.sty
Package: float 2001/11/08 v1.3d Float enhancements (AL)
\c@float@type=\count152
\float@exts=\toks33
\float@box=\box33
\@float@everytoks=\toks34
\@floatcapt=\box34
)
\@float@every@grbox=\toks35
\c@grbox=\count153

(/usr/local/texlive/2016/texmf-dist/tex/latex/upquote/upquote.sty
Package: upquote 2012/04/19 v1.3 upright-quote and grave-accent glyphs in verba
tim
)
(./stats_book_completeV3.aux

LaTeX Warning: Label `eq:predprob' multiply defined.

)
\openout1 = `stats_book_completeV3.aux'.

LaTeX Font Info:    Checking defaults for OML/cmm/m/it on input line 122.
LaTeX Font Info:    ... okay on input line 122.
LaTeX Font Info:    Checking defaults for T1/cmr/m/n on input line 122.
LaTeX Font Info:    ... okay on input line 122.
LaTeX Font Info:    Checking defaults for OT1/cmr/m/n on input line 122.
LaTeX Font Info:    ... okay on input line 122.
LaTeX Font Info:    Checking defaults for OMS/cmsy/m/n on input line 122.
LaTeX Font Info:    ... okay on input line 122.
LaTeX Font Info:    Checking defaults for OMX/cmex/m/n on input line 122.
LaTeX Font Info:    ... okay on input line 122.
LaTeX Font Info:    Checking defaults for U/cmr/m/n on input line 122.
LaTeX Font Info:    ... okay on input line 122.
LaTeX Font Info:    Checking defaults for PD1/pdf/m/n on input line 122.
LaTeX Font Info:    ... okay on input line 122.
 (/usr/local/texlive/2016/texmf-dist/tex/context/base/mkii/supp-pdf.mkii
[Loading MPS to PDF converter (version 2006.09.02).]
\scratchcounter=\count154
\scratchdimen=\dimen162
\scratchbox=\box35
\nofMPsegments=\count155
\nofMParguments=\count156
\everyMPshowfont=\toks36
\MPscratchCnt=\count157
\MPscratchDim=\dimen163
\MPnumerator=\count158
\makeMPintoPDFobject=\count159
\everyMPtoPDFconversion=\toks37
) (/usr/local/texlive/2016/texmf-dist/tex/latex/oberdiek/epstopdf-base.sty
Package: epstopdf-base 2016/05/15 v2.6 Base part for package epstopdf

(/usr/local/texlive/2016/texmf-dist/tex/latex/oberdiek/grfext.sty
Package: grfext 2016/05/16 v1.2 Manage graphics extensions (HO)
)
Package grfext Info: Graphics extension search list:
(grfext)             [.png,.pdf,.jpg,.mps,.jpeg,.jbig2,.jb2,.PNG,.PDF,.JPG,.JPE
G,.JBIG2,.JB2,.eps]
(grfext)             \AppendGraphicsExtensions on input line 456.

(/usr/local/texlive/2016/texmf-dist/tex/latex/latexconfig/epstopdf-sys.cfg
File: epstopdf-sys.cfg 2010/07/13 v1.3 Configuration of (r)epstopdf for TeX Liv
e
))
Package caption Info: Begin \AtBeginDocument code.
Package caption Info: float package is loaded.
Package caption Info: hyperref package is loaded.
Package caption Info: End \AtBeginDocument code.

*geometry* driver: auto-detecting
*geometry* detected driver: pdftex
*geometry* verbose mode - [ preamble ] result:
* driver: pdftex
* paper: <default>
* layout: <same size as paper>
* layoutoffset:(h,v)=(0.0pt,0.0pt)
* modes: twoside 
* h-part:(L,W,R)=(72.26999pt, 433.62001pt, 108.405pt)
* v-part:(T,H,B)=(72.26999pt, 650.43001pt, 72.26999pt)
* \paperwidth=614.295pt
* \paperheight=794.96999pt
* \textwidth=433.62001pt
* \textheight=650.43001pt
* \oddsidemargin=0.0pt
* \evensidemargin=36.13501pt
* \topmargin=-36.135pt
* \headheight=0.0pt
* \headsep=36.135pt
* \topskip=11.0pt
* \footskip=27.46295pt
* \marginparwidth=116.0pt
* \marginparsep=7.0pt
* \columnsep=10.0pt
* \skip\footins=10.0pt plus 4.0pt minus 2.0pt
* \hoffset=0.0pt
* \voffset=0.0pt
* \mag=1000
* \@twocolumnfalse
* \@twosidetrue
* \@mparswitchtrue
* \@reversemarginfalse
* (1in=72.27pt=25.4mm, 1cm=28.453pt)

\AtBeginShipoutBox=\box36
Package hyperref Info: Link coloring OFF on input line 122.
(/usr/local/texlive/2016/texmf-dist/tex/latex/hyperref/nameref.sty
Package: nameref 2012/10/27 v2.43 Cross-referencing by name of section

(/usr/local/texlive/2016/texmf-dist/tex/generic/oberdiek/gettitlestring.sty
Package: gettitlestring 2016/05/16 v1.5 Cleanup title references (HO)
)
\c@section@level=\count160
)
LaTeX Info: Redefining \ref on input line 122.
LaTeX Info: Redefining \pageref on input line 122.
LaTeX Info: Redefining \nameref on input line 122.

(./stats_book_completeV3.out) (./stats_book_completeV3.out)
\@outlinefile=\write3
\openout3 = `stats_book_completeV3.out'.

LaTeX Font Info:    Try loading font information for U+msa on input line 141.

(/usr/local/texlive/2016/texmf-dist/tex/latex/amsfonts/umsa.fd
File: umsa.fd 2013/01/14 v3.01 AMS symbols A
)
LaTeX Font Info:    Try loading font information for U+msb on input line 141.

(/usr/local/texlive/2016/texmf-dist/tex/latex/amsfonts/umsb.fd
File: umsb.fd 2013/01/14 v3.01 AMS symbols B
) [1


{/usr/local/texlive/2016/texmf-var/fonts/map/pdftex/updmap/pdftex.map}]
LaTeX Font Info:    Try loading font information for T1+pbk on input line 149.

(/usr/local/texlive/2016/texmf-dist/tex/latex/psnfss/t1pbk.fd
File: t1pbk.fd 2001/06/04 font definitions for T1/pbk.
)
LaTeX Font Info:    Font shape `T1/pbk/b/n' in size <20.74> not available
(Font)              Font shape `T1/pbk/db/n' tried instead on input line 149.
LaTeX Font Info:    Font shape `T1/pbk/b/n' in size <100> not available
(Font)              Font shape `T1/pbk/db/n' tried instead on input line 149.


Package xcolor Warning: Incompatible color definition on input line 149.

<"CCicon".png, id=629, 321.2pt x 113.42375pt>
File: "CCicon".png Graphic file (type png)
 <use "CCicon".png>
Package pdftex.def Info: "CCicon".png used on input line 154.
(pdftex.def)             Requested size: 80.57426pt x 28.45274pt.
 [1

 <./CCicon.png>]

Package xcolor Warning: Incompatible color definition on input line 161.

(./stats_book_completeV3.toc [2

]

Package Fancyhdr Warning: \headheight is too small (0.0pt): 
 Make it at least 13.59999pt.
 We now make it that large for the rest of the document.
 This may cause the page layout to be inconsistent, however.

[3] [4])
\tf@toc=\write4
\openout4 = `stats_book_completeV3.toc'.

 [5]

Package xcolor Warning: Incompatible color definition on input line 163.

(./stats_book_completeV3.lot)
\tf@lot=\write5
\openout5 = `stats_book_completeV3.lot'.

 [6

]

Package xcolor Warning: Incompatible color definition on input line 171.


Underfull \hbox (badness 10000) in paragraph at lines 178--179

 []


Underfull \hbox (badness 10000) in paragraph at lines 180--187

 []

pdfTeX warning (ext4): destination with the same identifier (name{page.1}) has 
been already used, duplicate ignored
<to be read again> 
                   \relax 
l.193 \part
           {Theory and Empirical Social Science} [1

] [2

]
Chapter 1.

Package xcolor Warning: Incompatible color definition on input line 198.

[3

]
Underfull \vbox (badness 3930) has occurred while \output is active []

 [4]
\contentbox=\box37
\bkgdbox=\box38

Underfull \hbox (badness 10000) in paragraph at lines 229--229

 []

LaTeX Font Info:    Try loading font information for OMS+cmr on input line 229.

(/usr/local/texlive/2016/texmf-dist/tex/latex/base/omscmr.fd
File: omscmr.fd 2014/09/29 v2.5h Standard LaTeX font definitions
)
LaTeX Font Info:    Font shape `OMS/cmr/m/n' in size <10.95> not available
(Font)              Font shape `OMS/cmsy/m/n' tried instead on input line 229.

Overfull \hbox (20.0pt too wide) detected at line 229
[]
 []

[5] [6]
Underfull \vbox (badness 6961) has occurred while \output is active []

 [7]
Underfull \vbox (badness 2671) has occurred while \output is active []

 [8]
[9] [10] <01_Theory/fun1.pdf, id=918, 505.89pt x 505.89pt>
File: 01_Theory/fun1.pdf Graphic file (type pdf)

<use 01_Theory/fun1.pdf>
Package pdftex.def Info: 01_Theory/fun1.pdf used on input line 298.
(pdftex.def)             Requested size: 173.44534pt x 173.44382pt.
 [11 <./01_Theory/fun1.pdf>]
<01_Theory/fun2.pdf, id=933, 505.89pt x 505.89pt>
File: 01_Theory/fun2.pdf Graphic file (type pdf)
 <use 01_Theory/fun2.pdf>
Package pdftex.def Info: 01_Theory/fun2.pdf used on input line 311.
(pdftex.def)             Requested size: 173.44534pt x 173.44382pt.

[12 <./01_Theory/fun2.pdf>]
\contentbox=\box39
\bkgdbox=\box40

Overfull \hbox (20.0pt too wide) detected at line 352
[]
 []


Underfull \vbox (badness 1184) has occurred while \output is active []

 [13]
[14] [15]
Chapter 2.

Package xcolor Warning: Incompatible color definition on input line 367.


Underfull \vbox (badness 10000) has occurred while \output is active []

 [16

]
[17] [18] [19]

LaTeX Warning: `h' float specifier changed to `ht'.

[20]

LaTeX Warning: `h' float specifier changed to `ht'.

[21]
Underfull \hbox (badness 10000) in paragraph at lines 438--439

 []


LaTeX Warning: `h' float specifier changed to `ht'.

[22

] [23] [24] [25]
Chapter 3.

Package xcolor Warning: Incompatible color definition on input line 504.


Underfull \vbox (badness 10000) has occurred while \output is active []

 [26

]
Underfull \vbox (badness 1596) has occurred while \output is active []

 [27]

Package xcolor Warning: Incompatible color definition on input line 524.

LaTeX Font Info:    Font shape `OT1/cmtt/bx/n' in size <10.95> not available
(Font)              Font shape `OT1/cmtt/m/n' tried instead on input line 526.

Package xcolor Warning: Incompatible color definition on input line 532.

<03_Data/rskhist.pdf, id=1023, 505.89pt x 505.89pt>
File: 03_Data/rskhist.pdf Graphic file (type pdf)
 <use 03_Data/rskhist.pdf>
Package pdftex.def Info: 03_Data/rskhist.pdf used on input line 544.
(pdftex.def)             Requested size: 173.44534pt x 173.44382pt.

<03_Data/rskden.pdf, id=1024, 505.89pt x 505.89pt>
File: 03_Data/rskden.pdf Graphic file (type pdf)
 <use 03_Data/rskden.pdf>
Package pdftex.def Info: 03_Data/rskden.pdf used on input line 549.
(pdftex.def)             Requested size: 173.44534pt x 173.44382pt.

[28 <./03_Data/rskhist.pdf> <./03_Data/rskden.pdf>]

Package xcolor Warning: Incompatible color definition on input line 581.

[29]
\contentbox=\box41
\bkgdbox=\box42

Overfull \hbox (20.0pt too wide) detected at line 626
[]
 []

[30]
\contentbox=\box43
\bkgdbox=\box44

Overfull \hbox (20.0pt too wide) detected at line 663
[]
 []

[31]

Package xcolor Warning: Incompatible color definition on input line 679.

[32]

Package xcolor Warning: Incompatible color definition on input line 730.

[33] <03_Data/distroshapes.pdf, id=1084, 722.7pt x 542.025pt>
File: 03_Data/distroshapes.pdf Graphic file (type pdf)

<use 03_Data/distroshapes.pdf>
Package pdftex.def Info: 03_Data/distroshapes.pdf used on input line 771.
(pdftex.def)             Requested size: 289.07999pt x 216.80615pt.
 [34]
\contentbox=\box45
\bkgdbox=\box46

Overfull \hbox (20.0pt too wide) detected at line 802
[]
 []

[35 <./03_Data/distroshapes.pdf>] [36]

Package xcolor Warning: Incompatible color definition on input line 827.

<03_Data/gccrskbox.pdf, id=1156, 505.89pt x 505.89pt>
File: 03_Data/gccrskbox.pdf Graphic file (type pdf)

<use 03_Data/gccrskbox.pdf>
Package pdftex.def Info: 03_Data/gccrskbox.pdf used on input line 835.
(pdftex.def)             Requested size: 289.07999pt x 289.08589pt.
 [37 <./03_Data/gccrskbox.pdf>]

Package xcolor Warning: Incompatible color definition on input line 853.

<03_Data/gccrskqq.pdf, id=1170, 505.89pt x 505.89pt>
File: 03_Data/gccrskqq.pdf Graphic file (type pdf)

<use 03_Data/gccrskqq.pdf>
Package pdftex.def Info: 03_Data/gccrskqq.pdf used on input line 862.
(pdftex.def)             Requested size: 289.07999pt x 289.08589pt.
 [38 <./03_Data/gccrskqq.pdf>]

Package xcolor Warning: Incompatible color definition on input line 872.


Package xcolor Warning: Incompatible color definition on input line 901.

[39] [40]
Chapter 4.

Package xcolor Warning: Incompatible color definition on input line 926.


Underfull \vbox (badness 10000) has occurred while \output is active []

 [41

]
Underfull \vbox (badness 1596) has occurred while \output is active []

 [42]
[43]
<04_Probability/Graphics/Normal_curve_probability.jpg, id=1210, 551.81157pt x 3
38.76563pt>
File: 04_Probability/Graphics/Normal_curve_probability.jpg Graphic file (type j
pg)
 <use 04_Probability/Graphics/Normal_curve_probability.jpg>
Package pdftex.def Info: 04_Probability/Graphics/Normal_curve_probability.jpg u
sed on input line 972.
(pdftex.def)             Requested size: 433.62001pt x 266.2159pt.
 [44 <./04_Probability/Graphics/Normal_curve_probability.jpg>]
\contentbox=\box47
\bkgdbox=\box48

Underfull \vbox (badness 10000) has occurred while \output is active []

 [45]
[46] [47] [48]
Chapter 5.

Package xcolor Warning: Incompatible color definition on input line 1065.

[49

]
Underfull \vbox (badness 2781) has occurred while \output is active []

 [50]
[51] [52] [53] [54]
Overfull \hbox (1.23807pt too wide) in paragraph at lines 1134--1136
[]\OT1/cmr/m/n/10.95 The stan-dard nor-mal PDF has
 []


Package xcolor Warning: Incompatible color definition on input line 1143.

<05_Inference/normal.pdf, id=1272, 505.89pt x 505.89pt>
File: 05_Inference/normal.pdf Graphic file (type pdf)

<use 05_Inference/normal.pdf>
Package pdftex.def Info: 05_Inference/normal.pdf used on input line 1153.
(pdftex.def)             Requested size: 289.07999pt x 289.08589pt.

<05_Inference/normal68.pdf, id=1274, 505.89pt x 505.89pt>
File: 05_Inference/normal68.pdf Graphic file (type pdf)

<use 05_Inference/normal68.pdf>
Package pdftex.def Info: 05_Inference/normal68.pdf used on input line 1166.
(pdftex.def)             Requested size: 173.44534pt x 173.44382pt.

<05_Inference/normal95.pdf, id=1275, 505.89pt x 505.89pt>
File: 05_Inference/normal95.pdf Graphic file (type pdf)

<use 05_Inference/normal95.pdf>
Package pdftex.def Info: 05_Inference/normal95.pdf used on input line 1171.
(pdftex.def)             Requested size: 173.44534pt x 173.44382pt.

<05_Inference/normal99.pdf, id=1276, 505.89pt x 505.89pt>
File: 05_Inference/normal99.pdf Graphic file (type pdf)

<use 05_Inference/normal99.pdf>
Package pdftex.def Info: 05_Inference/normal99.pdf used on input line 1176.
(pdftex.def)             Requested size: 173.44534pt x 173.44382pt.
 [55]
\contentbox=\box49
\bkgdbox=\box50

Overfull \hbox (20.0pt too wide) detected at line 1191
[]
 []


Underfull \vbox (badness 2035) has occurred while \output is active []

 [56 <./05_Inference/normal.pdf>] [57 <./05_Inference/normal68.pdf> <./05_Infer
ence/normal95.pdf> <./05_Inference/normal99.pdf>]

Package xcolor Warning: Incompatible color definition on input line 1203.

[58] <05_Inference/normaln.pdf, id=1319, 505.89pt x 505.89pt>
File: 05_Inference/normaln.pdf Graphic file (type pdf)

<use 05_Inference/normaln.pdf>
Package pdftex.def Info: 05_Inference/normaln.pdf used on input line 1247.
(pdftex.def)             Requested size: 260.17465pt x 260.1773pt.

Underfull \vbox (badness 10000) has occurred while \output is active []

 [59 <./05_Inference/normaln.pdf>] [60] [61]
Underfull \hbox (badness 10000) in paragraph at lines 1307--1308

 []


Package xcolor Warning: Incompatible color definition on input line 1310.

[62] [63] [64]

Package xcolor Warning: Incompatible color definition on input line 1362.


Package xcolor Warning: Incompatible color definition on input line 1372.

[65] <06_Association/gendden.pdf, id=1364, 505.89pt x 505.89pt>
File: 06_Association/gendden.pdf Graphic file (type pdf)

<use 06_Association/gendden.pdf>
Package pdftex.def Info: 06_Association/gendden.pdf used on input line 1381.
(pdftex.def)             Requested size: 289.08589pt x 289.08589pt.


Package xcolor Warning: Incompatible color definition on input line 1387.


Package xcolor Warning: Incompatible color definition on input line 1401.

[66 <./06_Association/gendden.pdf>]

Package hyperref Warning: Token not allowed in a PDF string (PDFDocEncoding):
(hyperref)                removing `math shift' on input line 1409.


Package hyperref Warning: Token not allowed in a PDF string (PDFDocEncoding):
(hyperref)                removing `math shift' on input line 1409.

[67]

Package xcolor Warning: Incompatible color definition on input line 1435.


Package xcolor Warning: Incompatible color definition on input line 1473.


Package xcolor Warning: Incompatible color definition on input line 1486.

[68] [69] [70]
Chapter 6.

Package xcolor Warning: Incompatible color definition on input line 1533.


Underfull \vbox (badness 10000) has occurred while \output is active []

 [71

]
[72]
Underfull \hbox (badness 10000) in paragraph at lines 1566--1571

 []


LaTeX Warning: `h' float specifier changed to `ht'.


LaTeX Warning: `h' float specifier changed to `ht'.


Underfull \vbox (badness 3250) has occurred while \output is active []

 [73]
[74]
Underfull \hbox (badness 10000) in paragraph at lines 1621--1622

 []

[75]

Package xcolor Warning: Incompatible color definition on input line 1628.


Overfull \hbox (60.76714pt too wide) in paragraph at lines 1636--1636
[][]\OT1/cmtt/m/n/10.95 ds[][]$[][]r.glbcc_risk[] []<-[] []recode[][](ds[][]$[]
[]glbcc_risk,[] []"0:1=1; 2:3=2; 4:6=3; 7:8:=4; 9:10=5; NA=NA"[][])[][] 
 []


Package xcolor Warning: Incompatible color definition on input line 1644.


Package xcolor Warning: Incompatible color definition on input line 1668.

[76]

Package xcolor Warning: Incompatible color definition on input line 1688.


Package xcolor Warning: Incompatible color definition on input line 1708.

[77] [78]

LaTeX Warning: `h' float specifier changed to `ht'.


LaTeX Warning: `h' float specifier changed to `ht'.


Package xcolor Warning: Incompatible color definition on input line 1790.

[79]

Package xcolor Warning: Incompatible color definition on input line 1816.

[80]

Package xcolor Warning: Incompatible color definition on input line 1832.


Package xcolor Warning: Incompatible color definition on input line 1850.

[81]
Underfull \hbox (badness 10000) in paragraph at lines 1868--1869

 []


Package xcolor Warning: Incompatible color definition on input line 1873.


Package xcolor Warning: Incompatible color definition on input line 1885.


Package xcolor Warning: Incompatible color definition on input line 1911.

[82]

Package xcolor Warning: Incompatible color definition on input line 1948.

[83] [84]

Package xcolor Warning: Incompatible color definition on input line 2025.

[85]

Package xcolor Warning: Incompatible color definition on input line 2051.

<06_Association/scatjit.pdf, id=1485, 505.89pt x 505.89pt>
File: 06_Association/scatjit.pdf Graphic file (type pdf)

<use 06_Association/scatjit.pdf>
Package pdftex.def Info: 06_Association/scatjit.pdf used on input line 2059.
(pdftex.def)             Requested size: 252.94437pt x 252.94437pt.
 [86]

Package xcolor Warning: Incompatible color definition on input line 2069.


Overfull \hbox (56.9195pt too wide) in paragraph at lines 2072--2072
[][]\OT1/cmtt/m/n/10.95 ds.missing[] []<-[] []na.omit[][](ds.missing)[]  []\OT1
/cmtt/m/it/10.95 # Generate new dataset with missing values removed[][] 
 []

<06_Association/scatjit2.pdf, id=1492, 505.89pt x 505.89pt>
File: 06_Association/scatjit2.pdf Graphic file (type pdf)

<use 06_Association/scatjit2.pdf>
Package pdftex.def Info: 06_Association/scatjit2.pdf used on input line 2086.
(pdftex.def)             Requested size: 252.94437pt x 252.94437pt.
 [87 <./06_Association/scatjit.pdf>]

LaTeX Warning: `h' float specifier changed to `ht'.

[88 <./06_Association/scatjit2.pdf>] [89] [90


]
Chapter 7.

Package xcolor Warning: Incompatible color definition on input line 2147.

[91

] <07_OLSlogic/deterols.pdf, id=1528, 722.7pt x 542.025pt>
File: 07_OLSlogic/deterols.pdf Graphic file (type pdf)

<use 07_OLSlogic/deterols.pdf>
Package pdftex.def Info: 07_OLSlogic/deterols.pdf used on input line 2169.
(pdftex.def)             Requested size: 289.07999pt x 216.80615pt.
 [92]
<07_OLSlogic/stochastic.pdf, id=1536, 505.89pt x 505.89pt>
File: 07_OLSlogic/stochastic.pdf Graphic file (type pdf)

<use 07_OLSlogic/stochastic.pdf>
Package pdftex.def Info: 07_OLSlogic/stochastic.pdf used on input line 2190.
(pdftex.def)             Requested size: 289.07999pt x 289.08589pt.
 [93 <./07_OLSlogic/deterols.pdf>]
\contentbox=\box51
\bkgdbox=\box52

Overfull \hbox (20.0pt too wide) detected at line 2242
[]
 []


Underfull \vbox (badness 10000) has occurred while \output is active []

 [94 <./07_OLSlogic/stochastic.pdf>] [95]
<07_OLSlogic/resids.pdf, id=1686, 722.7pt x 542.025pt>
File: 07_OLSlogic/resids.pdf Graphic file (type pdf)

<use 07_OLSlogic/resids.pdf>
Package pdftex.def Info: 07_OLSlogic/resids.pdf used on input line 2269.
(pdftex.def)             Requested size: 289.07999pt x 216.80615pt.
\contentbox=\box53
\bkgdbox=\box54

Overfull \hbox (20.0pt too wide) detected at line 2297
[]
 []


Underfull \vbox (badness 1931) has occurred while \output is active []

 [96 <./07_OLSlogic/resids.pdf>] [97]

Package xcolor Warning: Incompatible color definition on input line 2315.

[98]

Package xcolor Warning: Incompatible color definition on input line 2349.

<07_OLSlogic/exresidhist.pdf, id=1831, 505.89pt x 505.89pt>
File: 07_OLSlogic/exresidhist.pdf Graphic file (type pdf)

<use 07_OLSlogic/exresidhist.pdf>
Package pdftex.def Info: 07_OLSlogic/exresidhist.pdf used on input line 2362.
(pdftex.def)             Requested size: 173.44534pt x 173.44382pt.

<07_OLSlogic/exresidden.pdf, id=1832, 505.89pt x 505.89pt>
File: 07_OLSlogic/exresidden.pdf Graphic file (type pdf)

<use 07_OLSlogic/exresidden.pdf>
Package pdftex.def Info: 07_OLSlogic/exresidden.pdf used on input line 2367.
(pdftex.def)             Requested size: 173.44534pt x 173.44382pt.
 [99 <./07_OLSlogic/exresidhist.pdf> <./07_OLSlogic/exresidden.pdf>]
Chapter 8.

Package xcolor Warning: Incompatible color definition on input line 2379.

[100

]
\contentbox=\box55
\bkgdbox=\box56

Overfull \hbox (20.0pt too wide) detected at line 2423
[]
 []


Package xcolor Warning: Incompatible color definition on input line 2444.

<08_Derivatives/powerfun.pdf, id=1853, 505.89pt x 505.89pt>
File: 08_Derivatives/powerfun.pdf Graphic file (type pdf)

<use 08_Derivatives/powerfun.pdf>
Package pdftex.def Info: 08_Derivatives/powerfun.pdf used on input line 2457.
(pdftex.def)             Requested size: 260.17465pt x 260.1773pt.
 [101] [102]
Underfull \vbox (badness 10000) has occurred while \output is active []

 [103 <./08_Derivatives/powerfun.pdf>]

Package xcolor Warning: Incompatible color definition on input line 2516.

[104]
File: 08_Derivatives/powerfun.pdf Graphic file (type pdf)
 <use 08_Derivatives/powerfun.pdf>
Package pdftex.def Info: 08_Derivatives/powerfun.pdf used on input line 2531.
(pdftex.def)             Requested size: 260.17465pt x 260.1773pt.


Package xcolor Warning: Incompatible color definition on input line 2539.

[105]
\contentbox=\box57
\bkgdbox=\box58

Overfull \hbox (20.0pt too wide) detected at line 2595
[]
 []


Package xcolor Warning: Incompatible color definition on input line 2600.

[106] <08_Derivatives/crit.pdf, id=1906, 505.89pt x 505.89pt>
File: 08_Derivatives/crit.pdf Graphic file (type pdf)

<use 08_Derivatives/crit.pdf>
Package pdftex.def Info: 08_Derivatives/crit.pdf used on input line 2613.
(pdftex.def)             Requested size: 173.44534pt x 173.44382pt.

Underfull \vbox (badness 10000) has occurred while \output is active []

 [107 <./08_Derivatives/crit.pdf>]

Package hyperref Warning: Token not allowed in a PDF string (PDFDocEncoding):
(hyperref)                removing `math shift' on input line 2645.


Package hyperref Warning: Token not allowed in a PDF string (PDFDocEncoding):
(hyperref)                removing `math shift' on input line 2645.

[108]

Package hyperref Warning: Token not allowed in a PDF string (PDFDocEncoding):
(hyperref)                removing `math shift' on input line 2681.


Package hyperref Warning: Token not allowed in a PDF string (PDFDocEncoding):
(hyperref)                removing `math shift' on input line 2681.


Underfull \vbox (badness 2119) has occurred while \output is active []

 [109]
[110]

Package hyperref Warning: Token not allowed in a PDF string (PDFDocEncoding):
(hyperref)                removing `math shift' on input line 2731.


Package hyperref Warning: Token not allowed in a PDF string (PDFDocEncoding):
(hyperref)                removing `math shift' on input line 2731.


Package hyperref Warning: Token not allowed in a PDF string (PDFDocEncoding):
(hyperref)                removing `math shift' on input line 2731.


Package hyperref Warning: Token not allowed in a PDF string (PDFDocEncoding):
(hyperref)                removing `math shift' on input line 2731.

[111]

Package xcolor Warning: Incompatible color definition on input line 2767.


Package xcolor Warning: Incompatible color definition on input line 2788.


Package xcolor Warning: Incompatible color definition on input line 2809.


Package xcolor Warning: Incompatible color definition on input line 2833.

[112]

Package xcolor Warning: Incompatible color definition on input line 2850.


Package xcolor Warning: Incompatible color definition on input line 2864.

<08_Derivatives/regex.pdf, id=1947, 505.89pt x 505.89pt>
File: 08_Derivatives/regex.pdf Graphic file (type pdf)

<use 08_Derivatives/regex.pdf>
Package pdftex.def Info: 08_Derivatives/regex.pdf used on input line 2875.
(pdftex.def)             Requested size: 260.17465pt x 260.1773pt.
 [113 <./08_Derivatives/regex.pdf>] [114]
Chapter 9.

Package xcolor Warning: Incompatible color definition on input line 2890.

[115

]

Package xcolor Warning: Incompatible color definition on input line 2913.


Package xcolor Warning: Incompatible color definition on input line 2926.

[116]

Package xcolor Warning: Incompatible color definition on input line 2968.

[117]

Package xcolor Warning: Incompatible color definition on input line 3001.

[118]

Package xcolor Warning: Incompatible color definition on input line 3014.


Package xcolor Warning: Incompatible color definition on input line 3028.


Package xcolor Warning: Incompatible color definition on input line 3041.


Package xcolor Warning: Incompatible color definition on input line 3066.

[119] [120]

Package xcolor Warning: Incompatible color definition on input line 3112.


Package xcolor Warning: Incompatible color definition on input line 3134.

[121]

Package xcolor Warning: Incompatible color definition on input line 3153.


Package xcolor Warning: Incompatible color definition on input line 3165.


Package hyperref Warning: Token not allowed in a PDF string (PDFDocEncoding):
(hyperref)                removing `math shift' on input line 3178.


Package hyperref Warning: Token not allowed in a PDF string (PDFDocEncoding):
(hyperref)                removing `superscript' on input line 3178.


Package hyperref Warning: Token not allowed in a PDF string (PDFDocEncoding):
(hyperref)                removing `math shift' on input line 3178.

\contentbox=\box59
\bkgdbox=\box60

Overfull \hbox (20.0pt too wide) detected at line 3214
[]
 []

[122] [123] <09_InterpretSimple/rsquared.pdf, id=2013, 722.7pt x 542.025pt>
File: 09_InterpretSimple/rsquared.pdf Graphic file (type pdf)

<use 09_InterpretSimple/rsquared.pdf>
Package pdftex.def Info: 09_InterpretSimple/rsquared.pdf used on input line 322
2.
(pdftex.def)             Requested size: 361.34999pt x 271.01183pt.


Package xcolor Warning: Incompatible color definition on input line 3228.


Package xcolor Warning: Incompatible color definition on input line 3240.

[124 <./09_InterpretSimple/rsquared.pdf>]

Package xcolor Warning: Incompatible color definition on input line 3252.


Package xcolor Warning: Incompatible color definition on input line 3264.


Package xcolor Warning: Incompatible color definition on input line 3283.

<09_InterpretSimple/effectsplot.pdf, id=2121, 505.89pt x 505.89pt>
File: 09_InterpretSimple/effectsplot.pdf Graphic file (type pdf)

<use 09_InterpretSimple/effectsplot.pdf>
Package pdftex.def Info: 09_InterpretSimple/effectsplot.pdf used on input line 
3293.
(pdftex.def)             Requested size: 252.94437pt x 252.94437pt.


Package xcolor Warning: Incompatible color definition on input line 3301.

[125] [126 <./09_InterpretSimple/effectsplot.pdf>] [127]
Chapter 10.

Package xcolor Warning: Incompatible color definition on input line 3318.


Underfull \vbox (badness 10000) has occurred while \output is active []

 [128

]
\contentbox=\box61
\bkgdbox=\box62

Overfull \hbox (20.0pt too wide) detected at line 3345
[]
 []

<10_SimpleDiagnostics/residdist.pdf, id=2152, 722.7pt x 542.025pt>
File: 10_SimpleDiagnostics/residdist.pdf Graphic file (type pdf)

<use 10_SimpleDiagnostics/residdist.pdf>
Package pdftex.def Info: 10_SimpleDiagnostics/residdist.pdf used on input line 
3353.
(pdftex.def)             Requested size: 289.07999pt x 216.80615pt.

<10_SimpleDiagnostics/sneeze.pdf, id=2154, 722.7pt x 542.025pt>
File: 10_SimpleDiagnostics/sneeze.pdf Graphic file (type pdf)

<use 10_SimpleDiagnostics/sneeze.pdf>
Package pdftex.def Info: 10_SimpleDiagnostics/sneeze.pdf used on input line 336
1.
(pdftex.def)             Requested size: 289.07999pt x 216.80615pt.
 [129] [130 <./10_SimpleDiagnostics/residdist.pdf> <./10_SimpleDiagnostics/snee
ze.pdf>]
<10_SimpleDiagnostics/unusual_dat.pdf, id=2378, 722.7pt x 542.025pt>
File: 10_SimpleDiagnostics/unusual_dat.pdf Graphic file (type pdf)

<use 10_SimpleDiagnostics/unusual_dat.pdf>
Package pdftex.def Info: 10_SimpleDiagnostics/unusual_dat.pdf used on input lin
e 3378.
(pdftex.def)             Requested size: 289.07999pt x 216.80615pt.
 [131]
<10_SimpleDiagnostics/unusual_dat2.pdf, id=2389, 722.7pt x 542.025pt>
File: 10_SimpleDiagnostics/unusual_dat2.pdf Graphic file (type pdf)

<use 10_SimpleDiagnostics/unusual_dat2.pdf>
Package pdftex.def Info: 10_SimpleDiagnostics/unusual_dat2.pdf used on input li
ne 3389.
(pdftex.def)             Requested size: 289.07999pt x 216.80615pt.

<10_SimpleDiagnostics/hetero.pdf, id=2392, 722.7pt x 542.025pt>
File: 10_SimpleDiagnostics/hetero.pdf Graphic file (type pdf)

<use 10_SimpleDiagnostics/hetero.pdf>
Package pdftex.def Info: 10_SimpleDiagnostics/hetero.pdf used on input line 340
3.
(pdftex.def)             Requested size: 289.07999pt x 216.80615pt.
 [132 <./10_SimpleDiagnostics/unusual_dat.pdf>]
Underfull \vbox (badness 10000) has occurred while \output is active []

 [133 <./10_SimpleDiagnostics/unusual_dat2.pdf>]
<10_SimpleDiagnostics/simplenonlin.pdf, id=2455, 722.7pt x 542.025pt>
File: 10_SimpleDiagnostics/simplenonlin.pdf Graphic file (type pdf)

<use 10_SimpleDiagnostics/simplenonlin.pdf>
Package pdftex.def Info: 10_SimpleDiagnostics/simplenonlin.pdf used on input li
ne 3420.
(pdftex.def)             Requested size: 289.07999pt x 216.80615pt.

Underfull \vbox (badness 3735) has occurred while \output is active []

 [134 <./10_SimpleDiagnostics/hetero.pdf>]

Package xcolor Warning: Incompatible color definition on input line 3433.


Package xcolor Warning: Incompatible color definition on input line 3442.

[135 <./10_SimpleDiagnostics/simplenonlin.pdf>]

Package xcolor Warning: Incompatible color definition on input line 3476.


Package xcolor Warning: Incompatible color definition on input line 3493.

[136]

Package xcolor Warning: Incompatible color definition on input line 3525.

[137] <10_SimpleDiagnostics/nonlinideology.pdf, id=2525, 505.89pt x 505.89pt>
File: 10_SimpleDiagnostics/nonlinideology.pdf Graphic file (type pdf)

<use 10_SimpleDiagnostics/nonlinideology.pdf>
Package pdftex.def Info: 10_SimpleDiagnostics/nonlinideology.pdf used on input 
line 3543.
(pdftex.def)             Requested size: 289.07999pt x 289.08589pt.


Package xcolor Warning: Incompatible color definition on input line 3555.

[138 <./10_SimpleDiagnostics/nonlinideology.pdf>]
<10_SimpleDiagnostics/histideology.pdf, id=2539, 505.89pt x 505.89pt>
File: 10_SimpleDiagnostics/histideology.pdf Graphic file (type pdf)

<use 10_SimpleDiagnostics/histideology.pdf>
Package pdftex.def Info: 10_SimpleDiagnostics/histideology.pdf used on input li
ne 3565.
(pdftex.def)             Requested size: 289.07999pt x 289.08589pt.


Package xcolor Warning: Incompatible color definition on input line 3572.

<10_SimpleDiagnostics/densityideology.pdf, id=2541, 505.89pt x 505.89pt>
File: 10_SimpleDiagnostics/densityideology.pdf Graphic file (type pdf)

<use 10_SimpleDiagnostics/densityideology.pdf>
Package pdftex.def Info: 10_SimpleDiagnostics/densityideology.pdf used on input
 line 3583.
(pdftex.def)             Requested size: 289.07999pt x 289.08589pt.
 [139 <./10_SimpleDiagnostics/histideology.pdf>]

Package xcolor Warning: Incompatible color definition on input line 3591.

<10_SimpleDiagnostics/QQideology.pdf, id=2554, 505.89pt x 505.89pt>
File: 10_SimpleDiagnostics/QQideology.pdf Graphic file (type pdf)

<use 10_SimpleDiagnostics/QQideology.pdf>
Package pdftex.def Info: 10_SimpleDiagnostics/QQideology.pdf used on input line
 3603.
(pdftex.def)             Requested size: 289.07999pt x 289.08589pt.
 [140 <./10_SimpleDiagnostics/densityideology.pdf>]

Package xcolor Warning: Incompatible color definition on input line 3611.

[141 <./10_SimpleDiagnostics/QQideology.pdf>]

Package xcolor Warning: Incompatible color definition on input line 3634.

<10_SimpleDiagnostics/spreadlvlideology.pdf, id=2578, 505.89pt x 505.89pt>
File: 10_SimpleDiagnostics/spreadlvlideology.pdf Graphic file (type pdf)

<use 10_SimpleDiagnostics/spreadlvlideology.pdf>
Package pdftex.def Info: 10_SimpleDiagnostics/spreadlvlideology.pdf used on inp
ut line 3644.
(pdftex.def)             Requested size: 289.07999pt x 289.08589pt.
 [142 <./10_SimpleDiagnostics/spreadlvlideology.pdf>]

Package xcolor Warning: Incompatible color definition on input line 3652.


Package xcolor Warning: Incompatible color definition on input line 3675.

[143]

Package xcolor Warning: Incompatible color definition on input line 3695.

<10_SimpleDiagnostics/dfbetaPlots.pdf, id=2598, 505.89pt x 505.89pt>
File: 10_SimpleDiagnostics/dfbetaPlots.pdf Graphic file (type pdf)

<use 10_SimpleDiagnostics/dfbetaPlots.pdf>
Package pdftex.def Info: 10_SimpleDiagnostics/dfbetaPlots.pdf used on input lin
e 3705.
(pdftex.def)             Requested size: 289.07999pt x 289.08589pt.
 [144]

Package xcolor Warning: Incompatible color definition on input line 3711.

[145 <./10_SimpleDiagnostics/dfbetaPlots.pdf>]

Package xcolor Warning: Incompatible color definition on input line 3731.

<10_SimpleDiagnostics/bubbleideology.pdf, id=2616, 505.89pt x 505.89pt>
File: 10_SimpleDiagnostics/bubbleideology.pdf Graphic file (type pdf)

<use 10_SimpleDiagnostics/bubbleideology.pdf>
Package pdftex.def Info: 10_SimpleDiagnostics/bubbleideology.pdf used on input 
line 3752.
(pdftex.def)             Requested size: 289.07999pt x 289.08589pt.


Package xcolor Warning: Incompatible color definition on input line 3760.

[146 <./10_SimpleDiagnostics/bubbleideology.pdf>]
Underfull \vbox (badness 10000) has occurred while \output is active []

 [147]
Underfull \vbox (badness 1596) has occurred while \output is active []

 [148]
[149] [150

]
Chapter 11.

Package xcolor Warning: Incompatible color definition on input line 3803.


Underfull \vbox (badness 1810) has occurred while \output is active []

 [151

]
[152]
Underfull \vbox (badness 5077) has occurred while \output is active []

 [153]

Package xcolor Warning: Incompatible color definition on input line 3895.


Package xcolor Warning: Incompatible color definition on input line 3949.

[154]
Overfull \hbox (74.65723pt too wide) in paragraph at lines 3991--4016
[]$\OML/cmm/m/it/10.95 A \OT1/cmr/m/n/10.95 = [] \OMS/cmsy/m/n/10.95 ^^C \OML/c
mm/m/it/10.95 B \OT1/cmr/m/n/10.95 = [] = \OML/cmm/m/it/10.95 AXB \OT1/cmr/m/n/
10.95 = [] =
 []


Package xcolor Warning: Incompatible color definition on input line 4020.

[155]

Package xcolor Warning: Incompatible color definition on input line 4068.

[156] [157]

Package xcolor Warning: Incompatible color definition on input line 4166.


Underfull \vbox (badness 10000) has occurred while \output is active []

 [158]
Underfull \vbox (badness 10000) has occurred while \output is active []

 [159]
\contentbox=\box63
\bkgdbox=\box64

Overfull \hbox (20.0pt too wide) detected at line 4271
[]
 []


Package xcolor Warning: Incompatible color definition on input line 4302.


Underfull \vbox (badness 1616) has occurred while \output is active []

 [160]

Package xcolor Warning: Incompatible color definition on input line 4340.


Package xcolor Warning: Incompatible color definition on input line 4357.

[161]

Package xcolor Warning: Incompatible color definition on input line 4374.


Package xcolor Warning: Incompatible color definition on input line 4391.


Overfull \hbox (3.28026pt too wide) in paragraph at lines 4407--4407
[]\OT1/cmtt/m/n/10.95 ##             [,1]        [,2]        [,3]       [,4]   
    [,5]       [,6][] 
 []


Overfull \hbox (3.28026pt too wide) in paragraph at lines 4407--4407
[]\OT1/cmtt/m/n/10.95 ## [1,]  0.43326271  0.98119703  1.50847458 -1.7677436  1
.8561970 -0.6718750[] 
 []


Overfull \hbox (3.28026pt too wide) in paragraph at lines 4407--4407
[]\OT1/cmtt/m/n/10.95 ## [2,]  0.01959746  0.03032309 -0.10169492  0.1113612 -0
.2821769  0.1328125[] 
 []


Overfull \hbox (3.28026pt too wide) in paragraph at lines 4407--4407
[]\OT1/cmtt/m/n/10.95 ## [3,]  0.07097458  0.02198093 -0.01694915  0.2073623 -0
.3530191  0.1093750[] 
 []


Overfull \hbox (3.28026pt too wide) in paragraph at lines 4407--4407
[]\OT1/cmtt/m/n/10.95 ## [4,] -0.15677966 -0.24258475 -0.18644068  0.1091102  0
.2574153 -0.0625000[] 
 []


Package xcolor Warning: Incompatible color definition on input line 4413.


Package xcolor Warning: Incompatible color definition on input line 4430.

[162]

Package xcolor Warning: Incompatible color definition on input line 4451.


Package xcolor Warning: Incompatible color definition on input line 4473.


Underfull \vbox (badness 3375) has occurred while \output is active []

 [163]
[164]
Chapter 12.

Package xcolor Warning: Incompatible color definition on input line 4500.


Underfull \vbox (badness 10000) has occurred while \output is active []

 [165

]
\contentbox=\box65
\bkgdbox=\box66

Overfull \hbox (20.0pt too wide) detected at line 4555
[]
 []

[166] [167] <12_LogicMult/spur.pdf, id=2730, 722.7pt x 542.025pt>
File: 12_LogicMult/spur.pdf Graphic file (type pdf)

<use 12_LogicMult/spur.pdf>
Package pdftex.def Info: 12_LogicMult/spur.pdf used on input line 4579.
(pdftex.def)             Requested size: 361.34999pt x 271.01183pt.
 [168 <./12_LogicMult/spur.pdf>]
<12_LogicMult/partef.pdf, id=2768, 722.7pt x 542.025pt>
File: 12_LogicMult/partef.pdf Graphic file (type pdf)

<use 12_LogicMult/partef.pdf>
Package pdftex.def Info: 12_LogicMult/partef.pdf used on input line 4588.
(pdftex.def)             Requested size: 361.34999pt x 271.01183pt.

Underfull \vbox (badness 10000) has occurred while \output is active []

 [169 <./12_LogicMult/partef.pdf>]
\contentbox=\box67
\bkgdbox=\box68

Overfull \hbox (20.0pt too wide) detected at line 4619
[]
 []


Package xcolor Warning: Incompatible color definition on input line 4626.

[170]

Package xcolor Warning: Incompatible color definition on input line 4659.


Package xcolor Warning: Incompatible color definition on input line 4694.

[171]

Package xcolor Warning: Incompatible color definition on input line 4727.

[172]

Package xcolor Warning: Incompatible color definition on input line 4762.

[173] <12_LogicMult/scatols.pdf, id=2826, 505.89pt x 505.89pt>
File: 12_LogicMult/scatols.pdf Graphic file (type pdf)

<use 12_LogicMult/scatols.pdf>
Package pdftex.def Info: 12_LogicMult/scatols.pdf used on input line 4799.
(pdftex.def)             Requested size: 289.07999pt x 289.08589pt.


Package xcolor Warning: Incompatible color definition on input line 4807.


Underfull \vbox (badness 1142) has occurred while \output is active []

 [174 <./12_LogicMult/scatols.pdf>]

Package xcolor Warning: Incompatible color definition on input line 4842.


Overfull \hbox (14.77763pt too wide) in paragraph at lines 4870--4870
[]\OT1/cmtt/m/n/10.95 ## lm(formula = glbcc_risk ~ age + education + income + i
deol, data = ds.temp)[] 
 []

[175]

Package hyperref Warning: Token not allowed in a PDF string (PDFDocEncoding):
(hyperref)                removing `math shift' on input line 4874.


Package hyperref Warning: Token not allowed in a PDF string (PDFDocEncoding):
(hyperref)                removing `math shift' on input line 4874.


Underfull \vbox (badness 1297) has occurred while \output is active []

 [176]

Package xcolor Warning: Incompatible color definition on input line 4896.


Package xcolor Warning: Incompatible color definition on input line 4909.


Package xcolor Warning: Incompatible color definition on input line 4947.

[177]

Package xcolor Warning: Incompatible color definition on input line 4967.

[178] [179]
Chapter 13.

Package xcolor Warning: Incompatible color definition on input line 4993.


Underfull \vbox (badness 10000) has occurred while \output is active []

 [180

]
[181] <13_ModelFit/rsquared.pdf, id=2878, 722.7pt x 542.025pt>
File: 13_ModelFit/rsquared.pdf Graphic file (type pdf)

<use 13_ModelFit/rsquared.pdf>
Package pdftex.def Info: 13_ModelFit/rsquared.pdf used on input line 5023.
(pdftex.def)             Requested size: 361.34999pt x 271.01183pt.
 [182 <./13_ModelFit/rsquared.pdf>]

Package xcolor Warning: Incompatible color definition on input line 5041.


Overfull \hbox (14.77763pt too wide) in paragraph at lines 5096--5096
[]\OT1/cmtt/m/n/10.95 ## lm(formula = glbcc_risk ~ age + education + income + i
deol, data = ds.temp)[] 
 []

[183] [184]

Package xcolor Warning: Incompatible color definition on input line 5133.

[185]

Package xcolor Warning: Incompatible color definition on input line 5181.

[186] [187]
Underfull \hbox (badness 10000) in paragraph at lines 5216--5216
[][][]\OT1/cmr/m/n/9 The pro-gram was writ-ten, pro-duced and di-rected by Jon 
Pal-fre-man, and it
 []


Underfull \hbox (badness 10000) in paragraph at lines 5216--5216
\OT1/cmr/m/n/9 was first broad-cast on June 13, 1995. The full tran-script can 
be found here:
 []

[188] [189]
Chapter 14.

Package xcolor Warning: Incompatible color definition on input line 5237.


Underfull \vbox (badness 10000) has occurred while \output is active []

 [190

]
\contentbox=\box69
\bkgdbox=\box70

[191] <14_Topics/dummy.pdf, id=3036, 722.7pt x 542.025pt>
File: 14_Topics/dummy.pdf Graphic file (type pdf)

<use 14_Topics/dummy.pdf>
Package pdftex.def Info: 14_Topics/dummy.pdf used on input line 5274.
(pdftex.def)             Requested size: 361.34999pt x 271.01183pt.


Package xcolor Warning: Incompatible color definition on input line 5285.

[192] [193 <./14_Topics/dummy.pdf>] [194]
<14_Topics/duminter.pdf, id=3070, 722.7pt x 542.025pt>
File: 14_Topics/duminter.pdf Graphic file (type pdf)

<use 14_Topics/duminter.pdf>
Package pdftex.def Info: 14_Topics/duminter.pdf used on input line 5336.
(pdftex.def)             Requested size: 361.34999pt x 271.01183pt.


Package xcolor Warning: Incompatible color definition on input line 5343.


Overfull \hbox (3.28026pt too wide) in paragraph at lines 5374--5374
[]\OT1/cmtt/m/n/10.95 ## (Intercept)  10.6004885194  0.3296900513  32.153 < 0.0
000000000000002 ***[] 
 []


Overfull \hbox (3.28026pt too wide) in paragraph at lines 5374--5374
[]\OT1/cmtt/m/n/10.95 ## ideol        -0.9591306050  0.0389448341 -24.628 < 0.0
000000000000002 ***[] 
 []

[195 <./14_Topics/duminter.pdf>]
<14_Topics/dummales.pdf, id=3096, 505.89pt x 505.89pt>
File: 14_Topics/dummales.pdf Graphic file (type pdf)

<use 14_Topics/dummales.pdf>
Package pdftex.def Info: 14_Topics/dummales.pdf used on input line 5382.
(pdftex.def)             Requested size: 289.07999pt x 289.08589pt.
 [196 <./14_Topics/dummales.pdf>]
\contentbox=\box71
\bkgdbox=\box72

Overfull \hbox (20.0pt too wide) detected at line 5417
[]
 []


Package xcolor Warning: Incompatible color definition on input line 5422.

[197] [198]

Package xcolor Warning: Incompatible color definition on input line 5467.

[199]
Chapter 15.

Package xcolor Warning: Incompatible color definition on input line 5491.


Package xcolor Warning: Incompatible color definition on input line 5496.

[200

]
\contentbox=\box73
\bkgdbox=\box74

Overfull \hbox (20.0pt too wide) detected at line 5542
[]
 []


LaTeX Warning: `h' float specifier changed to `ht'.

[201] [202]

Package xcolor Warning: Incompatible color definition on input line 5586.


Overfull \hbox (20.52632pt too wide) in paragraph at lines 5613--5613
[]\OT1/cmtt/m/n/10.95 ## lm(formula = glbcc_risk ~ age + education + income + i
deol, data = ds.small)[] 
 []

[203] <15_Diagnostics/convar.pdf, id=3145, 505.89pt x 505.89pt>
File: 15_Diagnostics/convar.pdf Graphic file (type pdf)

<use 15_Diagnostics/convar.pdf>
Package pdftex.def Info: 15_Diagnostics/convar.pdf used on input line 5631.
(pdftex.def)             Requested size: 195.12767pt x 195.12718pt.

<15_Diagnostics/nonlin.pdf, id=3146, 505.89pt x 505.89pt>
File: 15_Diagnostics/nonlin.pdf Graphic file (type pdf)

<use 15_Diagnostics/nonlin.pdf>
Package pdftex.def Info: 15_Diagnostics/nonlin.pdf used on input line 5636.
(pdftex.def)             Requested size: 195.12767pt x 195.12718pt.


Package xcolor Warning: Incompatible color definition on input line 5645.


Overfull \hbox (3.28026pt too wide) in paragraph at lines 5650--5650
[][]\OT1/cmtt/m/n/10.95 plot[][]([][]jitter[][](ds.small[][]$[][]education),[] 
[]jitter[][]([][]rstudent[][](ols1)),[] []main[] []=[] []"Education"[][])[][] 
 []

[204] <15_Diagnostics/multlin.pdf, id=3153, 505.89pt x 505.89pt>
File: 15_Diagnostics/multlin.pdf Graphic file (type pdf)

<use 15_Diagnostics/multlin.pdf>
Package pdftex.def Info: 15_Diagnostics/multlin.pdf used on input line 5660.
(pdftex.def)             Requested size: 289.07999pt x 289.08589pt.


Package xcolor Warning: Incompatible color definition on input line 5666.

[205 <./15_Diagnostics/convar.pdf> <./15_Diagnostics/nonlin.pdf>] [206 <./15_Di
agnostics/multlin.pdf>]

Package xcolor Warning: Incompatible color definition on input line 5710.


Package xcolor Warning: Incompatible color definition on input line 5742.

[207] [208]
File: 15_Diagnostics/convar.pdf Graphic file (type pdf)
 <use 15_Diagnostics/convar.pdf>
Package pdftex.def Info: 15_Diagnostics/convar.pdf used on input line 5777.
(pdftex.def)             Requested size: 195.12767pt x 195.12718pt.

<15_Diagnostics/heterovar.pdf, id=3198, 505.89pt x 505.89pt>
File: 15_Diagnostics/heterovar.pdf Graphic file (type pdf)

<use 15_Diagnostics/heterovar.pdf>
Package pdftex.def Info: 15_Diagnostics/heterovar.pdf used on input line 5782.
(pdftex.def)             Requested size: 195.12767pt x 195.12718pt.


Package xcolor Warning: Incompatible color definition on input line 5791.

<15_Diagnostics/multregres.pdf, id=3200, 505.89pt x 505.89pt>
File: 15_Diagnostics/multregres.pdf Graphic file (type pdf)

<use 15_Diagnostics/multregres.pdf>
Package pdftex.def Info: 15_Diagnostics/multregres.pdf used on input line 5802.

(pdftex.def)             Requested size: 289.07999pt x 289.08589pt.


Package xcolor Warning: Incompatible color definition on input line 5810.

[209 <./15_Diagnostics/heterovar.pdf>] [210 <./15_Diagnostics/multregres.pdf>]

Package xcolor Warning: Incompatible color definition on input line 5843.


Overfull \hbox (9.02895pt too wide) in paragraph at lines 5851--5851
[]\OT1/cmtt/m/n/10.95 ##    (Intercept)            age      education         i
ncome          ideol[] 
 []


Overfull \hbox (9.02895pt too wide) in paragraph at lines 5851--5851
[]\OT1/cmtt/m/n/10.95 ## 0.668778725013 0.008030365625 0.069824489564 0.0000023
20899 0.060039031426[] 
 []


Package xcolor Warning: Incompatible color definition on input line 5857.

LaTeX Font Info:    Try loading font information for OMS+cmtt on input line 586
0.
(/Library/Frameworks/R.framework/Resources/share/texmf/tex/latex/omscmtt.fd
File: omscmtt.fd 
)
LaTeX Font Info:    Font shape `OMS/cmtt/m/n' in size <10.95> not available
(Font)              Font shape `OMS/cmsy/m/n' tried instead on input line 5860.


[211]

Package xcolor Warning: Incompatible color definition on input line 5875.


Overfull \hbox (20.52632pt too wide) in paragraph at lines 5901--5901
[]\OT1/cmtt/m/n/10.95 ## lm(formula = glbcc_risk ~ age + education + income + i
deol, data = ds.small)[] 
 []


Overfull \hbox (227.47908pt too wide) in paragraph at lines 5918--5918
[]\OT1/cmtt/m/n/10.95 ##                                                       
                                                  Pr(>|t|)[] 
 []


Overfull \hbox (227.47908pt too wide) in paragraph at lines 5918--5918
[]\OT1/cmtt/m/n/10.95 ## (Intercept) 0.0000000000000000000000000000000000000000
0000000000000000000000000000000054921988962793404323143119[] 
 []


Overfull \hbox (227.47908pt too wide) in paragraph at lines 5918--5918
[]\OT1/cmtt/m/n/10.95 ## age         0.4888148232677681503943745155993383377790
4510498046875000000000000000000000000000000000000000000000[] 
 []


Overfull \hbox (227.47908pt too wide) in paragraph at lines 5918--5918
[]\OT1/cmtt/m/n/10.95 ## education   0.7897831213798203187081981013761833310127
2583007812500000000000000000000000000000000000000000000000[] 
 []


Overfull \hbox (227.47908pt too wide) in paragraph at lines 5918--5918
[]\OT1/cmtt/m/n/10.95 ## income      0.9339694163814850069726958281535189598798
7518310546875000000000000000000000000000000000000000000000[] 
 []


Overfull \hbox (227.47908pt too wide) in paragraph at lines 5918--5918
[]\OT1/cmtt/m/n/10.95 ## ideol       0.0000000000000000000000000000000000000000
0000000000000000000000000000000000000000000000000002542911[] 
 []

[212]

Package hyperref Warning: Token not allowed in a PDF string (PDFDocEncoding):
(hyperref)                removing `math shift' on input line 5925.


Package hyperref Warning: Token not allowed in a PDF string (PDFDocEncoding):
(hyperref)                removing `math shift' on input line 5925.


Package xcolor Warning: Incompatible color definition on input line 5939.

[213]

Package xcolor Warning: Incompatible color definition on input line 5963.


Package xcolor Warning: Incompatible color definition on input line 5971.


Package xcolor Warning: Incompatible color definition on input line 5980.


Package xcolor Warning: Incompatible color definition on input line 5988.

[214] <15_Diagnostics/multresidhist.pdf, id=3245, 505.89pt x 505.89pt>
File: 15_Diagnostics/multresidhist.pdf Graphic file (type pdf)

<use 15_Diagnostics/multresidhist.pdf>
Package pdftex.def Info: 15_Diagnostics/multresidhist.pdf used on input line 60
00.
(pdftex.def)             Requested size: 173.44534pt x 173.44382pt.

<15_Diagnostics/multresidden.pdf, id=3246, 505.89pt x 505.89pt>
File: 15_Diagnostics/multresidden.pdf Graphic file (type pdf)

<use 15_Diagnostics/multresidden.pdf>
Package pdftex.def Info: 15_Diagnostics/multresidden.pdf used on input line 600
5.
(pdftex.def)             Requested size: 173.44534pt x 173.44382pt.

<15_Diagnostics/multresidbox.pdf, id=3247, 505.89pt x 505.89pt>
File: 15_Diagnostics/multresidbox.pdf Graphic file (type pdf)

<use 15_Diagnostics/multresidbox.pdf>
Package pdftex.def Info: 15_Diagnostics/multresidbox.pdf used on input line 601
0.
(pdftex.def)             Requested size: 173.44534pt x 173.44382pt.

<15_Diagnostics/multresidqq.pdf, id=3248, 505.89pt x 505.89pt>
File: 15_Diagnostics/multresidqq.pdf Graphic file (type pdf)

<use 15_Diagnostics/multresidqq.pdf>
Package pdftex.def Info: 15_Diagnostics/multresidqq.pdf used on input line 6015
.
(pdftex.def)             Requested size: 173.44534pt x 173.44382pt.
 [215 <./15_Diagnostics/multresidhist.pdf> <./15_Diagnostics/multresidden.pdf> 
<./15_Diagnostics/multresidbox.pdf> <./15_Diagnostics/multresidqq.pdf>]

Package xcolor Warning: Incompatible color definition on input line 6030.

[216]

Package xcolor Warning: Incompatible color definition on input line 6067.

<15_Diagnostics/multinresid.pdf, id=3285, 505.89pt x 505.89pt>
File: 15_Diagnostics/multinresid.pdf Graphic file (type pdf)

<use 15_Diagnostics/multinresid.pdf>
Package pdftex.def Info: 15_Diagnostics/multinresid.pdf used on input line 6079
.
(pdftex.def)             Requested size: 289.07999pt x 289.08589pt.


Package xcolor Warning: Incompatible color definition on input line 6089.

[217]

Package xcolor Warning: Incompatible color definition on input line 6116.

[218 <./15_Diagnostics/multinresid.pdf>]

Package xcolor Warning: Incompatible color definition on input line 6141.

[219]

Package xcolor Warning: Incompatible color definition on input line 6155.


Package xcolor Warning: Incompatible color definition on input line 6173.

<15_Diagnostics/dfbetas.pdf, id=3309, 505.89pt x 505.89pt>
File: 15_Diagnostics/dfbetas.pdf Graphic file (type pdf)

<use 15_Diagnostics/dfbetas.pdf>
Package pdftex.def Info: 15_Diagnostics/dfbetas.pdf used on input line 6191.
(pdftex.def)             Requested size: 289.07999pt x 289.08589pt.


Package xcolor Warning: Incompatible color definition on input line 6197.

[220] [221 <./15_Diagnostics/dfbetas.pdf>] [222] [223]

Package xcolor Warning: Incompatible color definition on input line 6354.

[224]

Package xcolor Warning: Incompatible color definition on input line 6402.

[225] [226] [227

]
Chapter 16.

Package xcolor Warning: Incompatible color definition on input line 6435.


Underfull \vbox (badness 3128) has occurred while \output is active []

 [228

]
<16_Logit/families.jpg, id=3359, 596.98032pt x 280.79906pt>
File: 16_Logit/families.jpg Graphic file (type jpg)

<use 16_Logit/families.jpg>
Package pdftex.def Info: 16_Logit/families.jpg used on input line 6452.
(pdftex.def)             Requested size: 289.07999pt x 135.97314pt.
 [229 <./16_Logit/families.jpg>]
<16_Logit/logex.pdf, id=3367, 505.89pt x 505.89pt>
File: 16_Logit/logex.pdf Graphic file (type pdf)
 <use 16_Logit/logex.pdf>
Package pdftex.def Info: 16_Logit/logex.pdf used on input line 6510.
(pdftex.def)             Requested size: 289.07999pt x 289.08589pt.

Underfull \vbox (badness 5954) has occurred while \output is active []

 [230]
[231 <./16_Logit/logex.pdf>]
\contentbox=\box75
\bkgdbox=\box76

Overfull \hbox (20.0pt too wide) detected at line 6552
[]
 []


Package xcolor Warning: Incompatible color definition on input line 6559.


Overfull \hbox (26.27501pt too wide) in paragraph at lines 6592--6592
[]\OT1/cmtt/m/n/10.95 ## glm(formula = glbcc ~ age + gender + education + incom
e, family = binomial(),[] 
 []

[232]
Underfull \vbox (badness 4846) has occurred while \output is active []

 [233]

Package xcolor Warning: Incompatible color definition on input line 6624.

[234]

Package xcolor Warning: Incompatible color definition on input line 6659.


Package xcolor Warning: Incompatible color definition on input line 6676.


Package xcolor Warning: Incompatible color definition on input line 6689.


Package xcolor Warning: Incompatible color definition on input line 6710.

[235]
Underfull \vbox (badness 10000) has occurred while \output is active []

 [236]

Package xcolor Warning: Incompatible color definition on input line 6783.

[237]

Package xcolor Warning: Incompatible color definition on input line 6808.


Package xcolor Warning: Incompatible color definition on input line 6837.

[238]

Package xcolor Warning: Incompatible color definition on input line 6863.

[239]

Package xcolor Warning: Incompatible color definition on input line 6892.


Overfull \hbox (9.02895pt too wide) in paragraph at lines 6900--6900
[][]\OT1/cmtt/m/n/10.95 plot[][]([][]plogis[][](preds[[[][]"fit"[][]]])[] []~[]
 []data[[[][]"ideol"[][]]],[] []type[] []=[] []"l"[][],[] []xlab[] []=[] []"Ide
ology"[][],[][] 
 []

<16_Logit/logitplot.pdf, id=3431, 505.89pt x 505.89pt>
File: 16_Logit/logitplot.pdf Graphic file (type pdf)

<use 16_Logit/logitplot.pdf>
Package pdftex.def Info: 16_Logit/logitplot.pdf used on input line 6909.
(pdftex.def)             Requested size: 289.07999pt x 289.08589pt.
 [240 <./16_Logit/logitplot.pdf>] [241] [242

]
Chapter 17.

Package xcolor Warning: Incompatible color definition on input line 6929.

[243

] [244]
<17_Appendix/"Download Page".png, id=3462, 981.6675pt x 462.22687pt>
File: 17_Appendix/"Download Page".png Graphic file (type png)

<use 17_Appendix/"Download Page".png>
Package pdftex.def Info: 17_Appendix/"Download Page".png used on input line 695
4.
(pdftex.def)             Requested size: 433.62001pt x 204.17038pt.

<17_Appendix/"RStudio Download Page".png, id=3464, 1028.34187pt x 578.16pt>
File: 17_Appendix/"RStudio Download Page".png Graphic file (type png)

<use 17_Appendix/"RStudio Download Page".png>
Package pdftex.def Info: 17_Appendix/"RStudio Download Page".png used on input 
line 6965.
(pdftex.def)             Requested size: 433.62001pt x 243.79596pt.

Underfull \vbox (badness 1158) has occurred while \output is active []

 [245 <./17_Appendix/Download Page.png>]
<17_Appendix/"RStudio Download Page 2".png, id=3470, 1028.34187pt x 537.50812pt
>
File: 17_Appendix/"RStudio Download Page 2".png Graphic file (type png)
 <use 17_Appendix/"RStudio Download Page 2".png>
Package pdftex.def Info: 17_Appendix/"RStudio Download Page 2".png used on inpu
t line 6972.
(pdftex.def)             Requested size: 433.62001pt x 226.65405pt.


LaTeX Warning: `h' float specifier changed to `ht'.

[246 <./17_Appendix/RStudio Download Page.png>]
Underfull \vbox (badness 10000) has occurred while \output is active []

 [247 <./17_Appendix/RStudio Download Page 2.png>] [248]

Package xcolor Warning: Incompatible color definition on input line 6995.


Package xcolor Warning: Incompatible color definition on input line 7003.


Underfull \vbox (badness 10000) has occurred while \output is active []

 [249]

Package xcolor Warning: Incompatible color definition on input line 7017.


Package xcolor Warning: Incompatible color definition on input line 7027.

[250]

Package xcolor Warning: Incompatible color definition on input line 7041.

Package atveryend Info: Empty hook `BeforeClearDocument' on input line 7050.
[251]
Package atveryend Info: Empty hook `AfterLastShipout' on input line 7050.
 (./stats_book_completeV3.aux)
Package atveryend Info: Executing hook `AtVeryEndDocument' on input line 7050.
Package atveryend Info: Executing hook `AtEndAfterFileList' on input line 7050.

Package rerunfilecheck Info: File `stats_book_completeV3.out' has not changed.
(rerunfilecheck)             Checksum: 9D25978B62B54D469277DF0F17340728;11307.


LaTeX Warning: There were multiply-defined labels.

Package atveryend Info: Empty hook `AtVeryVeryEnd' on input line 7050.
 )
(\end occurred inside a group at level 1)

### semi simple group (level 1) entered at line 192 (\begingroup)
### bottom level 
Here is how much of TeX's memory you used:
 11649 strings out of 493014
 168864 string characters out of 6133351
 311468 words of memory out of 5000000
 14227 multiletter control sequences out of 15000+600000
 20962 words of font info for 74 fonts, out of 8000000 for 9000
 1141 hyphenation exceptions out of 8191
 36i,16n,43p,2355b,659s stack positions out of 5000i,500n,10000p,200000b,80000s
{/usr/local/texlive/2016/texmf-dist/fonts/enc/dvips/base/8r.enc
}</usr/local/texlive/2016/texmf-dist/fonts/type1/public/amsfonts/cm/cmbx10.pfb>
</usr/local/texlive/2016/texmf-dist/fonts/type1/public/amsfonts/cm/cmbx12.pfb><
/usr/local/texlive/2016/texmf-dist/fonts/type1/public/amsfonts/cm/cmbx9.pfb></u
sr/local/texlive/2016/texmf-dist/fonts/type1/public/amsfonts/cm/cmbxti10.pfb></
usr/local/texlive/2016/texmf-dist/fonts/type1/public/amsfonts/cm/cmex10.pfb></u
sr/local/texlive/2016/texmf-dist/fonts/type1/public/amsfonts/cmextra/cmex8.pfb>
</usr/local/texlive/2016/texmf-dist/fonts/type1/public/amsfonts/cm/cmitt10.pfb>
</usr/local/texlive/2016/texmf-dist/fonts/type1/public/amsfonts/cm/cmmi10.pfb><
/usr/local/texlive/2016/texmf-dist/fonts/type1/public/amsfonts/cm/cmmi12.pfb></
usr/local/texlive/2016/texmf-dist/fonts/type1/public/amsfonts/cm/cmmi6.pfb></us
r/local/texlive/2016/texmf-dist/fonts/type1/public/amsfonts/cm/cmmi8.pfb></usr/
local/texlive/2016/texmf-dist/fonts/type1/public/amsfonts/cm/cmmi9.pfb></usr/lo
cal/texlive/2016/texmf-dist/fonts/type1/public/amsfonts/cm/cmr10.pfb></usr/loca
l/texlive/2016/texmf-dist/fonts/type1/public/amsfonts/cm/cmr12.pfb></usr/local/
texlive/2016/texmf-dist/fonts/type1/public/amsfonts/cm/cmr17.pfb></usr/local/te
xlive/2016/texmf-dist/fonts/type1/public/amsfonts/cm/cmr6.pfb></usr/local/texli
ve/2016/texmf-dist/fonts/type1/public/amsfonts/cm/cmr8.pfb></usr/local/texlive/
2016/texmf-dist/fonts/type1/public/amsfonts/cm/cmr9.pfb></usr/local/texlive/201
6/texmf-dist/fonts/type1/public/amsfonts/cm/cmsl10.pfb></usr/local/texlive/2016
/texmf-dist/fonts/type1/public/amsfonts/cm/cmsy10.pfb></usr/local/texlive/2016/
texmf-dist/fonts/type1/public/amsfonts/cm/cmsy6.pfb></usr/local/texlive/2016/te
xmf-dist/fonts/type1/public/amsfonts/cm/cmsy8.pfb></usr/local/texlive/2016/texm
f-dist/fonts/type1/public/amsfonts/cm/cmti10.pfb></usr/local/texlive/2016/texmf
-dist/fonts/type1/public/amsfonts/cm/cmti8.pfb></usr/local/texlive/2016/texmf-d
ist/fonts/type1/public/amsfonts/cm/cmti9.pfb></usr/local/texlive/2016/texmf-dis
t/fonts/type1/public/amsfonts/cm/cmtt10.pfb></usr/local/texlive/2016/texmf-dist
/fonts/type1/public/amsfonts/cm/cmtt12.pfb></usr/local/texlive/2016/texmf-dist/
fonts/type1/public/amsfonts/cm/cmtt9.pfb></usr/local/texlive/2016/texmf-dist/fo
nts/type1/public/amsfonts/symbols/msam10.pfb></usr/local/texlive/2016/texmf-dis
t/fonts/type1/urw/bookman/ubkd8a.pfb>
Output written on stats_book_completeV3.pdf (258 pages, 2540840 bytes).
PDF statistics:
 3741 PDF objects out of 4296 (max. 8388607)
 3078 compressed objects within 31 object streams
 637 named destinations out of 1000 (max. 500000)
 1545 words of extra memory for PDF output out of 10000 (max. 10000000)

